"../../../../../../notforyou/Documents/Spring2019/cs330/Project3/BlueHarvestBP/Content/Milkyway_BG.uasset" 0
"../../../../../../notforyou/Documents/Spring2019/cs330/Project3/BlueHarvestBP/Content/Milkyway_BG_Mat.uasset" 1
"../../../../../../notforyou/Documents/Spring2019/cs330/Project3/BlueHarvestBP/Content/free_star_sky_hdri_spherical_map_by_kirriaa_dbw8p0w__2_.uasset" 2
"../../../../../../notforyou/Documents/Spring2019/cs330/Project3/BlueHarvestBP/Content/free_star_sky_hdri_spherical_map_by_kirriaa_dbw8p0w__2__Mat.uasset" 3
"../../../../../../notforyou/Documents/Spring2019/cs330/Project3/BlueHarvestBP/Content/Stars_Sphere.uasset" 4
"../../../../../../notforyou/Documents/Spring2019/cs330/Project3/BlueHarvestBP/Content/Stars_Sphere_Mat.uasset" 5
"../../../../../../notforyou/Documents/Spring2019/cs330/Project3/BlueHarvestBP/Content/UI/Images/Death_Screen.uasset" 6
"../../../../../../notforyou/Documents/Spring2019/cs330/Project3/BlueHarvestBP/Content/UI/Powerup.uasset" 7
"../../../../../../notforyou/Documents/Spring2019/cs330/Project3/BlueHarvestBP/Content/UI/menuController.uasset" 8
"../../../../../../notforyou/Documents/Spring2019/cs330/Project3/BlueHarvestBP/Content/UI/bsod-windows-8-0x5c-hal-initialization-failed-56a6f9d85f9b58b7d0e5cc3e.uasset" 9
"../../../../../../notforyou/Documents/Spring2019/cs330/Project3/BlueHarvestBP/Content/UI/Images/DeathScreen.uasset" 10
"../../../Engine/Content/EditorBlueprintResources/StandardMacros.uasset" 11
"../../../../../../notforyou/Documents/Spring2019/cs330/Project3/BlueHarvestBP/Content/FlyingBP/Blueprints/AsteroidSaveGame.uasset" 12
"../../../../../../notforyou/Documents/Spring2019/cs330/Project3/BlueHarvestBP/Content/StarterContent/Audio/Explosion_Cue.uasset" 13
"../../../../../../notforyou/Documents/Spring2019/cs330/Project3/BlueHarvestBP/Content/StarterContent/Textures/T_Burst_M.uasset" 14
"../../../../../../notforyou/Documents/Spring2019/cs330/Project3/BlueHarvestBP/Content/StarterContent/Particles/Materials/M_Burst.uasset" 15
"../../../../../../notforyou/Documents/Spring2019/cs330/Project3/BlueHarvestBP/Content/StarterContent/Textures/T_Explosion_SubUV.uasset" 16
"../../../../../../notforyou/Documents/Spring2019/cs330/Project3/BlueHarvestBP/Content/StarterContent/Particles/Materials/M_explosion_subUV.uasset" 17
"../../../../../../notforyou/Documents/Spring2019/cs330/Project3/BlueHarvestBP/Content/StarterContent/Particles/Materials/m_flare_01.uasset" 18
"../../../Engine/Content/Functions/Engine_MaterialFunctions01/Gradient/RadialGradient.uasset" 19
"../../../../../../notforyou/Documents/Spring2019/cs330/Project3/BlueHarvestBP/Content/StarterContent/Particles/Materials/M_radial_ramp.uasset" 20
"../../../../../../notforyou/Documents/Spring2019/cs330/Project3/BlueHarvestBP/Content/StarterContent/Textures/T_Smoke_SubUV.uasset" 21
"../../../../../../notforyou/Documents/Spring2019/cs330/Project3/BlueHarvestBP/Content/StarterContent/Textures/T_Smoke_Tiled_D.uasset" 22
"../../../../../../notforyou/Documents/Spring2019/cs330/Project3/BlueHarvestBP/Content/StarterContent/Particles/Materials/M_smoke_subUV.uasset" 23
"../../../../../../notforyou/Documents/Spring2019/cs330/Project3/BlueHarvestBP/Content/StarterContent/Particles/P_Explosion.uasset" 24
"../../../../../../notforyou/Documents/Spring2019/cs330/Project3/BlueHarvestBP/Content/FlyingBP/Blueprints/ProjectileBP.uasset" 25
"../../../Engine/Content/VREditor/LaserPointer/VR_LaserPower_01.uasset" 26
"../../../Engine/Content/VREditor/LaserPointer/LaserPointerMaterial.uasset" 27
"../../../../../../notforyou/Documents/Spring2019/cs330/Project3/BlueHarvestBP/Content/FlyingBP/Blueprints/LaserMesh.uasset" 28
"../../../../../../notforyou/Documents/Spring2019/cs330/Project3/BlueHarvestBP/Content/StarterContent/Audio/Explosion02.uasset" 29
"../../../../../../notforyou/Documents/Spring2019/cs330/Project3/BlueHarvestBP/Content/FlyingBP/Blueprints/LaserBP.uasset" 30
"../../../../../../notforyou/Documents/Spring2019/cs330/Project3/BlueHarvestBP/Content/FlyingBP/Blueprints/EnemyBP.uasset" 31
"../../../../../../notforyou/Documents/Spring2019/cs330/Project3/BlueHarvestBP/Content/FlyingBP/Blueprints/EAIState.uasset" 32
"../../../../../../notforyou/Documents/Spring2019/cs330/Project3/BlueHarvestBP/Content/FlyingBP/Blueprints/ShipAIBP.uasset" 33
"../../../../../../notforyou/Documents/Spring2019/cs330/Project3/BlueHarvestBP/Content/FlyingBP/Blueprints/ShipBP.uasset" 34
"../../../../../../notforyou/Documents/Spring2019/cs330/Project3/BlueHarvestBP/Content/FlyingBP/Blueprints/LaserBP_Child_Player.uasset" 35
"../../../Engine/Content/Functions/Engine_MaterialFunctions01/Opacity/CameraDepthFade.uasset" 36
"../../../Engine/Content/EngineMaterials/T_Default_Material_Grid_M.uasset" 37
"../../../Engine/Content/EngineMaterials/T_Default_Material_Grid_N.uasset" 38
"../../../Engine/Content/EngineMaterials/DefaultMaterial.uasset" 39
"../../../Engine/Content/EngineMeshes/Cylinder.uasset" 40
"../../../../../../notforyou/Documents/Spring2019/cs330/Project3/BlueHarvestBP/Content/FlyingBP/Blueprints/Projectile1.uasset" 41
"../../../../../../notforyou/Documents/Spring2019/cs330/Project3/BlueHarvestBP/Content/Flying/X-Wing/Exterior/TEX_3.uasset" 42
"../../../../../../notforyou/Documents/Spring2019/cs330/Project3/BlueHarvestBP/Content/Flying/X-Wing/Exterior/TEX_3_Mat.uasset" 43
"../../../../../../notforyou/Documents/Spring2019/cs330/Project3/BlueHarvestBP/Content/Flying/X-Wing/Exterior/X-wing_Exterior.uasset" 44
"../../../../../../notforyou/Documents/Spring2019/cs330/Project3/BlueHarvestBP/Content/UI/deathscrean.uasset" 45
"../../../../../../notforyou/Documents/Spring2019/cs330/Project3/BlueHarvestBP/Content/FlyingBP/Blueprints/EndorSaveGame.uasset" 46
"../../../../../../notforyou/Documents/Spring2019/cs330/Project3/BlueHarvestBP/Content/UI/myHUD.uasset" 47
"../../../../../../notforyou/Documents/Spring2019/cs330/Project3/BlueHarvestBP/Content/UI/Screen_Shot_2019-05-12_at_6_44_14_PM.uasset" 48
"../../../../../../notforyou/Documents/Spring2019/cs330/Project3/BlueHarvestBP/Content/UI/Screen_Shot_2019-05-14_at_1_01_09_PM.uasset" 49
"../../../../../../notforyou/Documents/Spring2019/cs330/Project3/BlueHarvestBP/Content/UI/LevelSelect.uasset" 50
"../../../../../../notforyou/Documents/Spring2019/cs330/Project3/BlueHarvestBP/Content/UI/Options.uasset" 51
"../../../../../../notforyou/Documents/Spring2019/cs330/Project3/BlueHarvestBP/Content/UI/dsOptions.uasset" 52
"../../../../../../notforyou/Documents/Spring2019/cs330/Project3/BlueHarvestBP/Content/UI/DeathScreen.uasset" 53
"../../../../../../notforyou/Documents/Spring2019/cs330/Project3/BlueHarvestBP/Content/UI/MainMenu.uasset" 54
"../../../../../../notforyou/Documents/Spring2019/cs330/Project3/BlueHarvestBP/Content/UI/PauseMenu.uasset" 55
"../../../../../../notforyou/Documents/Spring2019/cs330/Project3/BlueHarvestBP/Content/FlyingBP/Blueprints/PlayerShip.uasset" 56
"../../../../../../notforyou/Documents/Spring2019/cs330/Project3/BlueHarvestBP/Content/FlyingBP/Blueprints/Projectile.uasset" 57
"../../../../../../notforyou/Documents/Spring2019/cs330/Project3/BlueHarvestBP/Content/FlyingBP/Blueprints/Default.uasset" 58
"../../../../../../notforyou/Documents/Spring2019/cs330/Project3/BlueHarvestBP/Content/FlyingBP/Blueprints/TurretBase.uasset" 59
"../../../../../../notforyou/Documents/Spring2019/cs330/Project3/BlueHarvestBP/Content/FlyingBP/Blueprints/TurretTop.uasset" 60
"../../../../../../notforyou/Documents/Spring2019/cs330/Project3/BlueHarvestBP/Content/FlyingBP/Blueprints/TurretBP.uasset" 61
"../../../Engine/Content/Functions/Engine_MaterialFunctions02/Utility/BlendAngleCorrectedNormals.uasset" 62
"../../../../../../notforyou/Documents/Spring2019/cs330/Project3/BlueHarvestBP/Content/StarterContent/Textures/T_Detail_Rocky_N.uasset" 63
"../../../../../../notforyou/Documents/Spring2019/cs330/Project3/BlueHarvestBP/Content/StarterContent/Textures/T_Rock_Basalt_D.uasset" 64
"../../../../../../notforyou/Documents/Spring2019/cs330/Project3/BlueHarvestBP/Content/StarterContent/Textures/T_RockMesh_M.uasset" 65
"../../../../../../notforyou/Documents/Spring2019/cs330/Project3/BlueHarvestBP/Content/StarterContent/Textures/T_RockMesh_N.uasset" 66
"../../../../../../notforyou/Documents/Spring2019/cs330/Project3/BlueHarvestBP/Content/StarterContent/Props/Materials/M_Rock.uasset" 67
"../../../../../../notforyou/Documents/Spring2019/cs330/Project3/BlueHarvestBP/Content/StarterContent/Props/SM_Rock.uasset" 68
"../../../../../../notforyou/Documents/Spring2019/cs330/Project3/BlueHarvestBP/Content/FlyingBP/Blueprints/BP_Asteroid.uasset" 69
"../../../../../../notforyou/Documents/Spring2019/cs330/Project3/BlueHarvestBP/Content/FlyingBP/Blueprints/EndorShop.uasset" 70
"../../../Engine/Content/EngineMaterials/DefaultCubemap.uasset" 71
"../../../Engine/Content/EngineMaterials/CubeMaterial.uasset" 72
"../../../Engine/Content/VREditor/Sounds/UI/Enter_Play.uasset" 73
"../../../../../../notforyou/Documents/Spring2019/cs330/Project3/BlueHarvestBP/Content/StarterContent/Materials/M_Basic_Wall.uasset" 74
"../../../../../../notforyou/Documents/Spring2019/cs330/Project3/BlueHarvestBP/Content/StarterContent/Shapes/Shape_Cube.uasset" 75
"../../../../../../notforyou/Documents/Spring2019/cs330/Project3/BlueHarvestBP/Content/FlyingBP/Blueprints/HealthPickupBP.uasset" 76
"../../../../../../notforyou/Documents/Spring2019/cs330/Project3/BlueHarvestBP/Content/Flying/Meshes/BaseMaterial.uasset" 77
"../../../../../../notforyou/Documents/Spring2019/cs330/Project3/BlueHarvestBP/Content/Flying/Meshes/UFOMaterial.uasset" 78
"../../../../../../notforyou/Documents/Spring2019/cs330/Project3/BlueHarvestBP/Content/Flying/Meshes/UFO.uasset" 79
"../../../../../../notforyou/Documents/Spring2019/cs330/Project3/BlueHarvestBP/Content/FlyingBP/Blueprints/PlayerShip1.uasset" 80
"../../../../../../notforyou/Documents/Spring2019/cs330/Project3/BlueHarvestBP/Content/StarterContent/Materials/M_Basic_Floor.uasset" 81
"../../../Engine/Content/EngineMaterials/WorldGridMaterial.uasset" 82
"../../../Engine/Content/BasicShapes/Cube.uasset" 83
"../../../../../../notforyou/Documents/Spring2019/cs330/Project3/BlueHarvestBP/Content/Geometry/Meshes/CubeMaterial.uasset" 84
"../../../../../../notforyou/Documents/Spring2019/cs330/Project3/BlueHarvestBP/Content/Geometry/Meshes/1M_Cube.uasset" 85
"../../../../../../notforyou/Documents/Spring2019/cs330/Project3/BlueHarvestBP/Content/FlyingBP/Blueprints/BP_Tile.uasset" 86
"../../../Engine/Content/Functions/Engine_MaterialFunctions02/WorldPositionOffset/Wind.uasset" 87
"../../../../../../notforyou/Documents/Spring2019/cs330/Project3/BlueHarvestBP/Content/EssentialTreeKit/BaseMaterial/BaseTextures/base_bark.uasset" 88
"../../../../../../notforyou/Documents/Spring2019/cs330/Project3/BlueHarvestBP/Content/EssentialTreeKit/BaseMaterial/BaseTextures/base_bark_NRM.uasset" 89
"../../../../../../notforyou/Documents/Spring2019/cs330/Project3/BlueHarvestBP/Content/EssentialTreeKit/BaseMaterial/BaseTextures/base_bark_OCC.uasset" 90
"../../../../../../notforyou/Documents/Spring2019/cs330/Project3/BlueHarvestBP/Content/EssentialTreeKit/BaseMaterial/Tree_Bark.uasset" 91
"../../../../../../notforyou/Documents/Spring2019/cs330/Project3/BlueHarvestBP/Content/EssentialTreeKit/TreeGroup_1/Textures/bark.uasset" 92
"../../../../../../notforyou/Documents/Spring2019/cs330/Project3/BlueHarvestBP/Content/EssentialTreeKit/TreeGroup_1/Textures/bark_DISP.uasset" 93
"../../../../../../notforyou/Documents/Spring2019/cs330/Project3/BlueHarvestBP/Content/EssentialTreeKit/TreeGroup_1/Textures/bark_NRM.uasset" 94
"../../../../../../notforyou/Documents/Spring2019/cs330/Project3/BlueHarvestBP/Content/EssentialTreeKit/TreeGroup_1/Textures/bark_OCC.uasset" 95
"../../../../../../notforyou/Documents/Spring2019/cs330/Project3/BlueHarvestBP/Content/EssentialTreeKit/TreeGroup_1/Materials/Tree_Bark_Inst.uasset" 96
"../../../Engine/Content/ArtTools/RenderToTexture/MaterialFunctions/FlipbookWind.uasset" 97
"../../../../../../notforyou/Documents/Spring2019/cs330/Project3/BlueHarvestBP/Content/EssentialTreeKit/BaseMaterial/BaseTextures/base_leaf.uasset" 98
"../../../../../../notforyou/Documents/Spring2019/cs330/Project3/BlueHarvestBP/Content/EssentialTreeKit/BaseMaterial/BaseTextures/base_leaf_NRM.uasset" 99
"../../../../../../notforyou/Documents/Spring2019/cs330/Project3/BlueHarvestBP/Content/EssentialTreeKit/BaseMaterial/Tree_Leaf.uasset" 100
"../../../../../../notforyou/Documents/Spring2019/cs330/Project3/BlueHarvestBP/Content/EssentialTreeKit/TreeGroup_1/Textures/leaf.uasset" 101
"../../../../../../notforyou/Documents/Spring2019/cs330/Project3/BlueHarvestBP/Content/EssentialTreeKit/TreeGroup_1/Textures/leaf_NRM.uasset" 102
"../../../../../../notforyou/Documents/Spring2019/cs330/Project3/BlueHarvestBP/Content/EssentialTreeKit/TreeGroup_1/Materials/Tree_Leaf_Inst.uasset" 103
"../../../../../../notforyou/Documents/Spring2019/cs330/Project3/BlueHarvestBP/Content/EssentialTreeKit/TreeGroup_1/Multibranch_Tree_02.uasset" 104
"../../../../../../notforyou/Documents/Spring2019/cs330/Project3/BlueHarvestBP/Content/EssentialTreeKit/TreeGroup_2/Textures/bark.uasset" 105
"../../../../../../notforyou/Documents/Spring2019/cs330/Project3/BlueHarvestBP/Content/EssentialTreeKit/TreeGroup_2/Textures/bark_DISP.uasset" 106
"../../../../../../notforyou/Documents/Spring2019/cs330/Project3/BlueHarvestBP/Content/EssentialTreeKit/TreeGroup_2/Textures/bark_NRM.uasset" 107
"../../../../../../notforyou/Documents/Spring2019/cs330/Project3/BlueHarvestBP/Content/EssentialTreeKit/TreeGroup_2/Textures/bark_OCC.uasset" 108
"../../../../../../notforyou/Documents/Spring2019/cs330/Project3/BlueHarvestBP/Content/EssentialTreeKit/TreeGroup_2/Textures/Tree_Bark_Inst.uasset" 109
"../../../../../../notforyou/Documents/Spring2019/cs330/Project3/BlueHarvestBP/Content/EssentialTreeKit/TreeGroup_2/Textures/branch_01.uasset" 110
"../../../../../../notforyou/Documents/Spring2019/cs330/Project3/BlueHarvestBP/Content/EssentialTreeKit/TreeGroup_2/Textures/branch_01_NRM.uasset" 111
"../../../../../../notforyou/Documents/Spring2019/cs330/Project3/BlueHarvestBP/Content/EssentialTreeKit/TreeGroup_2/Textures/Tree_Leaf_Inst.uasset" 112
"../../../../../../notforyou/Documents/Spring2019/cs330/Project3/BlueHarvestBP/Content/EssentialTreeKit/TreeGroup_2/Textures/leaf16.uasset" 113
"../../../../../../notforyou/Documents/Spring2019/cs330/Project3/BlueHarvestBP/Content/EssentialTreeKit/TreeGroup_2/Textures/leaf16_NRM.uasset" 114
"../../../../../../notforyou/Documents/Spring2019/cs330/Project3/BlueHarvestBP/Content/EssentialTreeKit/TreeGroup_2/Textures/Tree_Leaf_Inst_2.uasset" 115
"../../../../../../notforyou/Documents/Spring2019/cs330/Project3/BlueHarvestBP/Content/EssentialTreeKit/TreeGroup_2/Textures/leaf17.uasset" 116
"../../../../../../notforyou/Documents/Spring2019/cs330/Project3/BlueHarvestBP/Content/EssentialTreeKit/TreeGroup_2/Textures/leaf17_NRM.uasset" 117
"../../../../../../notforyou/Documents/Spring2019/cs330/Project3/BlueHarvestBP/Content/EssentialTreeKit/TreeGroup_2/Textures/Tree_Leaf_Inst_3.uasset" 118
"../../../../../../notforyou/Documents/Spring2019/cs330/Project3/BlueHarvestBP/Content/EssentialTreeKit/TreeGroup_2/Greenleaf_Tree_01.uasset" 119
"../../../../../../notforyou/Documents/Spring2019/cs330/Project3/BlueHarvestBP/Content/EssentialTreeKit/TreeGroup_3/Textures/bark_01.uasset" 120
"../../../../../../notforyou/Documents/Spring2019/cs330/Project3/BlueHarvestBP/Content/EssentialTreeKit/TreeGroup_3/Textures/bark_01_DISP.uasset" 121
"../../../../../../notforyou/Documents/Spring2019/cs330/Project3/BlueHarvestBP/Content/EssentialTreeKit/TreeGroup_3/Textures/bark_01_NRM.uasset" 122
"../../../../../../notforyou/Documents/Spring2019/cs330/Project3/BlueHarvestBP/Content/EssentialTreeKit/TreeGroup_3/Textures/bark_01_OCC.uasset" 123
"../../../../../../notforyou/Documents/Spring2019/cs330/Project3/BlueHarvestBP/Content/EssentialTreeKit/TreeGroup_3/Materials/Tree_Bark_Inst.uasset" 124
"../../../../../../notforyou/Documents/Spring2019/cs330/Project3/BlueHarvestBP/Content/EssentialTreeKit/TreeGroup_3/Textures/maple_leaf_NRM.uasset" 125
"../../../../../../notforyou/Documents/Spring2019/cs330/Project3/BlueHarvestBP/Content/EssentialTreeKit/TreeGroup_3/Textures/maple_red_leaf.uasset" 126
"../../../../../../notforyou/Documents/Spring2019/cs330/Project3/BlueHarvestBP/Content/EssentialTreeKit/TreeGroup_3/Materials/Tree_Leaf_Inst.uasset" 127
"../../../../../../notforyou/Documents/Spring2019/cs330/Project3/BlueHarvestBP/Content/EssentialTreeKit/TreeGroup_3/Mapple_Tree_redleaf_01.uasset" 128
"../../../../../../notforyou/Documents/Spring2019/cs330/Project3/BlueHarvestBP/Content/FlyingBP/Blueprints/EndorTiles/Endor_LeftTurn.uasset" 129
"../../../../../../notforyou/Documents/Spring2019/cs330/Project3/BlueHarvestBP/Content/FlyingBP/Blueprints/EndorTiles/Endor_RightTurn.uasset" 130
"../../../../../../notforyou/Documents/Spring2019/cs330/Project3/BlueHarvestBP/Content/FlyingBP/Blueprints/EndorTiles/EndorJungleTile.uasset" 131
"../../../../../../notforyou/Documents/Spring2019/cs330/Project3/BlueHarvestBP/Content/FlyingBP/Blueprints/Endor_GameMode.uasset" 132
"../../../../../../notforyou/Documents/Spring2019/cs330/Project3/BlueHarvestBP/Content/FlyingBP/Blueprints/BP_BaseTile.uasset" 133
"../../../../../../notforyou/Documents/Spring2019/cs330/Project3/BlueHarvestBP/Content/FlyingBP/Blueprints/BP_BaseTile_Child_Asteriods.uasset" 134
"../../../../../../notforyou/Documents/Spring2019/cs330/Project3/BlueHarvestBP/Content/FlyingBP/Blueprints/BP_BaseTileChild_LeftTurn.uasset" 135
"../../../../../../notforyou/Documents/Spring2019/cs330/Project3/BlueHarvestBP/Content/FlyingBP/Blueprints/BP_BaseTileChild_RightTurn.uasset" 136
"../../../../../../notforyou/Documents/Spring2019/cs330/Project3/BlueHarvestBP/Content/Flying/TIE-Fighter/imp_fly_tiefighter.uasset" 137
"../../../../../../notforyou/Documents/Spring2019/cs330/Project3/BlueHarvestBP/Content/Flying/TIE-Fighter/Shape_097.uasset" 138
"../../../../../../notforyou/Documents/Spring2019/cs330/Project3/BlueHarvestBP/Content/Flying/TIE-Fighter/Shape_098.uasset" 139
"../../../../../../notforyou/Documents/Spring2019/cs330/Project3/BlueHarvestBP/Content/Flying/TIE-Fighter/Shape_099.uasset" 140
"../../../../../../notforyou/Documents/Spring2019/cs330/Project3/BlueHarvestBP/Content/Flying/TIE-Fighter/imp_fly_tieinterceptor.uasset" 141
"../../../../../../notforyou/Documents/Spring2019/cs330/Project3/BlueHarvestBP/Content/FlyingBP/Blueprints/TieBP.uasset" 142
"../../../../../../notforyou/Documents/Spring2019/cs330/Project3/BlueHarvestBP/Content/FlyingBP/Blueprints/Asteroid_GameMode.uasset" 143
"../../../../../../notforyou/Documents/Spring2019/cs330/Project3/BlueHarvestBP/Content/StarterContent/Textures/T_CobbleStone_Pebble_D.uasset" 144
"../../../../../../notforyou/Documents/Spring2019/cs330/Project3/BlueHarvestBP/Content/StarterContent/Textures/T_CobbleStone_Pebble_M.uasset" 145
"../../../../../../notforyou/Documents/Spring2019/cs330/Project3/BlueHarvestBP/Content/StarterContent/Textures/T_CobbleStone_Pebble_N.uasset" 146
"../../../../../../notforyou/Documents/Spring2019/cs330/Project3/BlueHarvestBP/Content/StarterContent/Textures/T_MacroVariation.uasset" 147
"../../../../../../notforyou/Documents/Spring2019/cs330/Project3/BlueHarvestBP/Content/StarterContent/Materials/M_CobbleStone_Pebble.uasset" 148
"../../../../../../notforyou/Documents/Spring2019/cs330/Project3/BlueHarvestBP/Content/StarterContent/Textures/T_CobbleStone_Rough_D.uasset" 149
"../../../../../../notforyou/Documents/Spring2019/cs330/Project3/BlueHarvestBP/Content/StarterContent/Textures/T_CobbleStone_Rough_N.uasset" 150
"../../../../../../notforyou/Documents/Spring2019/cs330/Project3/BlueHarvestBP/Content/StarterContent/Textures/T_Gradinet_01.uasset" 151
"../../../../../../notforyou/Documents/Spring2019/cs330/Project3/BlueHarvestBP/Content/StarterContent/Textures/T_Rock_Smooth_Granite_D.uasset" 152
"../../../../../../notforyou/Documents/Spring2019/cs330/Project3/BlueHarvestBP/Content/StarterContent/Materials/M_CobbleStone_Rough.uasset" 153
"../../../../../../notforyou/Documents/Spring2019/cs330/Project3/BlueHarvestBP/Content/FlyingBP/Blueprints/BP_AstroidTile.uasset" 154
"../../../../../../notforyou/Documents/Spring2019/cs330/Project3/BlueHarvestBP/Content/StarterContent/Textures/T_Perlin_Noise_M.uasset" 155
"../../../../../../notforyou/Documents/Spring2019/cs330/Project3/BlueHarvestBP/Content/StarterContent/Textures/T_Rock_Basalt_N.uasset" 156
"../../../../../../notforyou/Documents/Spring2019/cs330/Project3/BlueHarvestBP/Content/StarterContent/Materials/M_Rock_Basalt.uasset" 157
"../../../../../../notforyou/Documents/Spring2019/cs330/Project3/BlueHarvestBP/Content/StarterContent/Props/Rock1.uasset" 158
"../../../../../../notforyou/Documents/Spring2019/cs330/Project3/BlueHarvestBP/Content/StarterContent/Props/Rock.uasset" 159
"../../../../../../notforyou/Documents/Spring2019/cs330/Project3/BlueHarvestBP/Content/FlyingBP/Blueprints/BP_Asteroid2.uasset" 160
"../../../../../../notforyou/Documents/Spring2019/cs330/Project3/BlueHarvestBP/Content/FlyingBP/Blueprints/BP_AsteroidTile2.uasset" 161
"../../../../../../notforyou/Documents/Spring2019/cs330/Project3/BlueHarvestBP/Content/StarterContent/Shapes/Shape_NarrowCapsule.uasset" 162
"../../../../../../notforyou/Documents/Spring2019/cs330/Project3/BlueHarvestBP/Content/FlyingBP/Blueprints/TieInterceptorBP.uasset" 163
"../../../../../../notforyou/Documents/Spring2019/cs330/Project3/BlueHarvestBP/Content/FlyingBP/Blueprints/PlayerProjectile.uasset" 164
"../../../Engine/Content/BasicShapes/BasicShapeMaterial.uasset" 165
"../../../../../../notforyou/Documents/Spring2019/cs330/Project3/BlueHarvestBP/Content/FlyingBP/Blueprints/ActorWithProjectile.uasset" 166
"../../../../../../notforyou/Documents/Spring2019/cs330/Project3/BlueHarvestBP/Content/FlyingBP/Blueprints/BP_AsteroidTile_RightTurn.uasset" 167
"../../../../../../notforyou/Documents/Spring2019/cs330/Project3/BlueHarvestBP/Content/FlyingBP/Blueprints/emptyGameMode.uasset" 168
"../../../../../../notforyou/Documents/Spring2019/cs330/Project3/BlueHarvestBP/Content/FlyingBP/Blueprints/LaserBP_Child_Ship.uasset" 169
"../../../Engine/Content/EditorMeshes/ColorCalibrator/T_ColorGrid.uasset" 170
"../../../../../../notforyou/Documents/Spring2019/cs330/Project3/BlueHarvestBP/Content/StarterContent/Materials/M_ColorGrid_LowSpec.uasset" 171
"../../../../../../notforyou/Documents/Spring2019/cs330/Project3/BlueHarvestBP/Content/StarterContent/Shapes/Shape_Sphere.uasset" 172
"../../../../../../notforyou/Documents/Spring2019/cs330/Project3/BlueHarvestBP/Content/FlyingBP/Blueprints/TestActorBP.uasset" 173
"../../../../../../notforyou/Documents/Spring2019/cs330/Project3/BlueHarvestBP/Content/FlyingBP/Blueprints/BP_startTileAsteroid1.uasset" 174
"../../../../../../notforyou/Documents/Spring2019/cs330/Project3/BlueHarvestBP/Content/FlyingBP/Blueprints/BP_AsteroidTile_LeftTurn.uasset" 175
"../../../../../../notforyou/Documents/Spring2019/cs330/Project3/BlueHarvestBP/Content/Flying/X-Wing/Cockpit/X-wing_Cockpit.uasset" 176
"../../../../../../notforyou/Documents/Spring2019/cs330/Project3/BlueHarvestBP/Content/Flying/X-Wing/Cockpit/TEX_1.uasset" 177
"../../../../../../notforyou/Documents/Spring2019/cs330/Project3/BlueHarvestBP/Content/Flying/X-Wing/Cockpit/TEX_2.uasset" 178
"../../../../../../notforyou/Documents/Spring2019/cs330/Project3/BlueHarvestBP/Content/Flying/Meshes/GrayMaterial.uasset" 179
"../../../../../../notforyou/Documents/Spring2019/cs330/Project3/BlueHarvestBP/Content/EssentialTreeKit/BaseMaterial/BaseTextures/base_bark_DISP.uasset" 180
"../../../../../../notforyou/Documents/Spring2019/cs330/Project3/BlueHarvestBP/Content/Geometry/Meshes/TemplateFloor.uasset" 181
"../../../../../../notforyou/Documents/Spring2019/cs330/Project3/BlueHarvestBP/Content/Geometry/Meshes/1M_Cube_Chamfer.uasset" 182
"../../../../../../notforyou/Documents/Spring2019/cs330/Project3/BlueHarvestBP/Content/StarterContent/Materials/Rock_BaseColor.uasset" 183
"../../../../../../notforyou/Documents/Spring2019/cs330/Project3/BlueHarvestBP/Content/StarterContent/Materials/Rock_Normal.uasset" 184
"../../../../../../notforyou/Documents/Spring2019/cs330/Project3/BlueHarvestBP/Content/StarterContent/Materials/Rock_AO_Roughness_Metallic.uasset" 185
"../../../../../../notforyou/Documents/Spring2019/cs330/Project3/BlueHarvestBP/Content/StarterContent/Blueprints/Blueprint_Effect_Explosion.uasset" 186
"../../../../../../notforyou/Documents/Spring2019/cs330/Project3/BlueHarvestBP/Content/StarterContent/Materials/M_Glass.uasset" 187
"../../../../../../notforyou/Documents/Spring2019/cs330/Project3/BlueHarvestBP/Content/StarterContent/Textures/T_Door_M.uasset" 188
"../../../../../../notforyou/Documents/Spring2019/cs330/Project3/BlueHarvestBP/Content/StarterContent/Textures/T_Door_N.uasset" 189
"../../../../../../notforyou/Documents/Spring2019/cs330/Project3/BlueHarvestBP/Content/StarterContent/Props/Materials/M_Door.uasset" 190
"../../../../../../notforyou/Documents/Spring2019/cs330/Project3/BlueHarvestBP/Content/StarterContent/Props/SM_Door.uasset" 191
"../../../../../../notforyou/Documents/Spring2019/cs330/Project3/BlueHarvestBP/Content/StarterContent/Props/Materials/M_MaterialSphere.uasset" 192
"../../../../../../notforyou/Documents/Spring2019/cs330/Project3/BlueHarvestBP/Content/StarterContent/Props/Materials/M_MaterialSphere_Plain.uasset" 193
"../../../../../../notforyou/Documents/Spring2019/cs330/Project3/BlueHarvestBP/Content/StarterContent/Props/SM_MatPreviewMesh_02.uasset" 194
"../../../../../../notforyou/Documents/Spring2019/cs330/Project3/BlueHarvestBP/Content/StarterContent/Textures/T_Chair_M.uasset" 195
"../../../../../../notforyou/Documents/Spring2019/cs330/Project3/BlueHarvestBP/Content/StarterContent/Textures/T_Chair_N.uasset" 196
"../../../../../../notforyou/Documents/Spring2019/cs330/Project3/BlueHarvestBP/Content/StarterContent/Props/Materials/M_Chair.uasset" 197
"../../../../../../notforyou/Documents/Spring2019/cs330/Project3/BlueHarvestBP/Content/StarterContent/Props/SM_Couch.uasset" 198
"../../../../../../notforyou/Documents/Spring2019/cs330/Project3/BlueHarvestBP/Content/StarterContent/Textures/T_Shelf_M.uasset" 199
"../../../../../../notforyou/Documents/Spring2019/cs330/Project3/BlueHarvestBP/Content/StarterContent/Textures/T_Shelf_N.uasset" 200
"../../../../../../notforyou/Documents/Spring2019/cs330/Project3/BlueHarvestBP/Content/StarterContent/Props/Materials/M_Shelf.uasset" 201
"../../../../../../notforyou/Documents/Spring2019/cs330/Project3/BlueHarvestBP/Content/StarterContent/Props/SM_Shelf.uasset" 202
"../../../../../../notforyou/Documents/Spring2019/cs330/Project3/BlueHarvestBP/Content/StarterContent/Props/SM_Stairs.uasset" 203
"../../../../../../notforyou/Documents/Spring2019/cs330/Project3/BlueHarvestBP/Content/StarterContent/Textures/T_Bush_D.uasset" 204
"../../../../../../notforyou/Documents/Spring2019/cs330/Project3/BlueHarvestBP/Content/StarterContent/Textures/T_Bush_N.uasset" 205
"../../../../../../notforyou/Documents/Spring2019/cs330/Project3/BlueHarvestBP/Content/StarterContent/Props/Materials/M_Bush.uasset" 206
"../../../../../../notforyou/Documents/Spring2019/cs330/Project3/BlueHarvestBP/Content/StarterContent/Props/SM_Bush.uasset" 207
"../../../../../../notforyou/Documents/Spring2019/cs330/Project3/BlueHarvestBP/Content/StarterContent/EssentialTreeKit/TreeGroup_1/Multibranch_Tree_01.uasset" 208
"../../../../../../notforyou/Documents/Spring2019/cs330/Project3/BlueHarvestBP/Content/StarterContent/EssentialTreeKit/TreeGroup_1/Multibranch_Tree_02.uasset" 209
"../../../../../../notforyou/Documents/Spring2019/cs330/Project3/BlueHarvestBP/Content/EssentialTreeKit/TreeGroup_1/Materials/Old_Tree_Bark_Inst.uasset" 210
"../../../../../../notforyou/Documents/Spring2019/cs330/Project3/BlueHarvestBP/Content/EssentialTreeKit/TreeGroup_1/Materials/Old_Tree_Bark_Inst_noDISP.uasset" 211
"../../../../../../notforyou/Documents/Spring2019/cs330/Project3/BlueHarvestBP/Content/EssentialTreeKit/TreeGroup_1/Materials/Old_Tree_Leaf_Inst.uasset" 212
"../../../../../../notforyou/Documents/Spring2019/cs330/Project3/BlueHarvestBP/Content/EssentialTreeKit/TreeGroup_1/Materials/Old_Tree_Leaf_Inst_Ground1.uasset" 213
"../../../../../../notforyou/Documents/Spring2019/cs330/Project3/BlueHarvestBP/Content/EssentialTreeKit/TreeGroup_1/Materials/Old_Tree_Leaf_Inst_Ground2.uasset" 214
"../../../../../../notforyou/Documents/Spring2019/cs330/Project3/BlueHarvestBP/Content/EssentialTreeKit/TreeGroup_1/Textures/brake01.uasset" 215
"../../../../../../notforyou/Documents/Spring2019/cs330/Project3/BlueHarvestBP/Content/EssentialTreeKit/TreeGroup_1/Textures/Brake01_n.uasset" 216
"../../../../../../notforyou/Documents/Spring2019/cs330/Project3/BlueHarvestBP/Content/EssentialTreeKit/TreeGroup_1/Materials/Tree_Bark_Cap.uasset" 217
"../../../../../../notforyou/Documents/Spring2019/cs330/Project3/BlueHarvestBP/Content/StarterContent/EssentialTreeKit/TreeGroup_1/Multibranch_Tree_Old.uasset" 218
"../../../../../../notforyou/Documents/Spring2019/cs330/Project3/BlueHarvestBP/Content/StarterContent/EssentialTreeKit/TreeGroup_1/Textures/brake01.uasset" 219
"../../../../../../notforyou/Documents/Spring2019/cs330/Project3/BlueHarvestBP/Content/StarterContent/EssentialTreeKit/TreeGroup_1/Textures/bark_OCC.uasset" 220
"../../../../../../notforyou/Documents/Spring2019/cs330/Project3/BlueHarvestBP/Content/StarterContent/EssentialTreeKit/TreeGroup_1/Textures/bark_DISP.uasset" 221
"../../../../../../notforyou/Documents/Spring2019/cs330/Project3/BlueHarvestBP/Content/StarterContent/EssentialTreeKit/TreeGroup_1/Textures/leaf_NRM.uasset" 222
"../../../../../../notforyou/Documents/Spring2019/cs330/Project3/BlueHarvestBP/Content/StarterContent/EssentialTreeKit/TreeGroup_1/Textures/leaf.uasset" 223
"../../../../../../notforyou/Documents/Spring2019/cs330/Project3/BlueHarvestBP/Content/StarterContent/EssentialTreeKit/TreeGroup_1/Textures/bark.uasset" 224
"../../../../../../notforyou/Documents/Spring2019/cs330/Project3/BlueHarvestBP/Content/StarterContent/EssentialTreeKit/TreeGroup_1/Textures/bark_NRM.uasset" 225
"../../../../../../notforyou/Documents/Spring2019/cs330/Project3/BlueHarvestBP/Content/StarterContent/EssentialTreeKit/TreeGroup_1/Textures/Brake01_n.uasset" 226
"../../../../../../notforyou/Documents/Spring2019/cs330/Project3/BlueHarvestBP/Content/StarterContent/EssentialTreeKit/TreeGroup_1/Materials/Old_Tree_Bark_Inst.uasset" 227
"../../../../../../notforyou/Documents/Spring2019/cs330/Project3/BlueHarvestBP/Content/StarterContent/EssentialTreeKit/TreeGroup_1/Materials/Tree_Leaf_Inst.uasset" 228
"../../../../../../notforyou/Documents/Spring2019/cs330/Project3/BlueHarvestBP/Content/StarterContent/EssentialTreeKit/TreeGroup_1/Materials/Old_Tree_Bark_Inst_noDISP.uasset" 229
"../../../../../../notforyou/Documents/Spring2019/cs330/Project3/BlueHarvestBP/Content/StarterContent/EssentialTreeKit/TreeGroup_1/Materials/Old_Tree_Leaf_Inst_Ground1.uasset" 230
"../../../../../../notforyou/Documents/Spring2019/cs330/Project3/BlueHarvestBP/Content/StarterContent/EssentialTreeKit/TreeGroup_1/Materials/Tree_Bark_Inst.uasset" 231
"../../../../../../notforyou/Documents/Spring2019/cs330/Project3/BlueHarvestBP/Content/StarterContent/EssentialTreeKit/TreeGroup_1/Materials/Tree_Bark_Cap.uasset" 232
"../../../../../../notforyou/Documents/Spring2019/cs330/Project3/BlueHarvestBP/Content/StarterContent/EssentialTreeKit/TreeGroup_1/Materials/Old_Tree_Leaf_Inst.uasset" 233
"../../../../../../notforyou/Documents/Spring2019/cs330/Project3/BlueHarvestBP/Content/StarterContent/EssentialTreeKit/TreeGroup_1/Materials/Old_Tree_Leaf_Inst_Ground2.uasset" 234
"../../../../../../notforyou/Documents/Spring2019/cs330/Project3/BlueHarvestBP/Content/StarterContent/EssentialTreeKit/DemoLevel/Demo_TreekitLevel_BuiltData.uasset" 235
"../../../../../../notforyou/Documents/Spring2019/cs330/Project3/BlueHarvestBP/Content/StarterContent/EssentialTreeKit/BaseMaterial/Tree_Leaf.uasset" 236
"../../../../../../notforyou/Documents/Spring2019/cs330/Project3/BlueHarvestBP/Content/StarterContent/EssentialTreeKit/BaseMaterial/Tree_Bark.uasset" 237
"../../../../../../notforyou/Documents/Spring2019/cs330/Project3/BlueHarvestBP/Content/StarterContent/EssentialTreeKit/BaseMaterial/BaseTextures/base_bark_NRM.uasset" 238
"../../../../../../notforyou/Documents/Spring2019/cs330/Project3/BlueHarvestBP/Content/StarterContent/EssentialTreeKit/BaseMaterial/BaseTextures/base_bark.uasset" 239
"../../../../../../notforyou/Documents/Spring2019/cs330/Project3/BlueHarvestBP/Content/StarterContent/EssentialTreeKit/BaseMaterial/BaseTextures/base_bark_DISP.uasset" 240
"../../../../../../notforyou/Documents/Spring2019/cs330/Project3/BlueHarvestBP/Content/StarterContent/EssentialTreeKit/BaseMaterial/BaseTextures/base_bark_OCC.uasset" 241
"../../../../../../notforyou/Documents/Spring2019/cs330/Project3/BlueHarvestBP/Content/StarterContent/EssentialTreeKit/BaseMaterial/BaseTextures/base_leaf.uasset" 242
"../../../../../../notforyou/Documents/Spring2019/cs330/Project3/BlueHarvestBP/Content/StarterContent/EssentialTreeKit/BaseMaterial/BaseTextures/base_leaf_NRM.uasset" 243
"../../../../../../notforyou/Documents/Spring2019/cs330/Project3/BlueHarvestBP/Content/EssentialTreeKit/TreeGroup_5/Textures/bark_06.uasset" 244
"../../../../../../notforyou/Documents/Spring2019/cs330/Project3/BlueHarvestBP/Content/EssentialTreeKit/TreeGroup_5/Textures/bark_06_DISP.uasset" 245
"../../../../../../notforyou/Documents/Spring2019/cs330/Project3/BlueHarvestBP/Content/EssentialTreeKit/TreeGroup_5/Textures/bark_06_NRM.uasset" 246
"../../../../../../notforyou/Documents/Spring2019/cs330/Project3/BlueHarvestBP/Content/EssentialTreeKit/TreeGroup_5/Textures/bark_06_OCC.uasset" 247
"../../../../../../notforyou/Documents/Spring2019/cs330/Project3/BlueHarvestBP/Content/EssentialTreeKit/TreeGroup_5/Materials/Tree_Bark_Inst.uasset" 248
"../../../../../../notforyou/Documents/Spring2019/cs330/Project3/BlueHarvestBP/Content/EssentialTreeKit/TreeGroup_5/Textures/pine_leaf.uasset" 249
"../../../../../../notforyou/Documents/Spring2019/cs330/Project3/BlueHarvestBP/Content/EssentialTreeKit/TreeGroup_5/Textures/pine_leaf_NRM.uasset" 250
"../../../../../../notforyou/Documents/Spring2019/cs330/Project3/BlueHarvestBP/Content/EssentialTreeKit/TreeGroup_5/Materials/Tree_Leaf_Inst.uasset" 251
"../../../../../../notforyou/Documents/Spring2019/cs330/Project3/BlueHarvestBP/Content/EssentialTreeKit/TreeGroup_5/Textures/pine_leaf_green.uasset" 252
"../../../../../../notforyou/Documents/Spring2019/cs330/Project3/BlueHarvestBP/Content/EssentialTreeKit/TreeGroup_5/Materials/Tree_Leaf_Inst_varient.uasset" 253
"../../../../../../notforyou/Documents/Spring2019/cs330/Project3/BlueHarvestBP/Content/StarterContent/EssentialTreeKit/TreeGroup_5/Pine_04.uasset" 254
"../../../../../../notforyou/Documents/Spring2019/cs330/Project3/BlueHarvestBP/Content/StarterContent/EssentialTreeKit/TreeGroup_5/Pine_02.uasset" 255
"../../../../../../notforyou/Documents/Spring2019/cs330/Project3/BlueHarvestBP/Content/StarterContent/EssentialTreeKit/TreeGroup_5/Pine_01.uasset" 256
"../../../../../../notforyou/Documents/Spring2019/cs330/Project3/BlueHarvestBP/Content/StarterContent/EssentialTreeKit/TreeGroup_5/Pine_03.uasset" 257
"../../../../../../notforyou/Documents/Spring2019/cs330/Project3/BlueHarvestBP/Content/StarterContent/EssentialTreeKit/TreeGroup_5/Textures/bark_06_NRM.uasset" 258
"../../../../../../notforyou/Documents/Spring2019/cs330/Project3/BlueHarvestBP/Content/StarterContent/EssentialTreeKit/TreeGroup_5/Textures/pine_leaf.uasset" 259
"../../../../../../notforyou/Documents/Spring2019/cs330/Project3/BlueHarvestBP/Content/StarterContent/EssentialTreeKit/TreeGroup_5/Textures/bark_06_DISP.uasset" 260
"../../../../../../notforyou/Documents/Spring2019/cs330/Project3/BlueHarvestBP/Content/StarterContent/EssentialTreeKit/TreeGroup_5/Textures/bark_06.uasset" 261
"../../../../../../notforyou/Documents/Spring2019/cs330/Project3/BlueHarvestBP/Content/StarterContent/EssentialTreeKit/TreeGroup_5/Textures/pine_leaf_green.uasset" 262
"../../../../../../notforyou/Documents/Spring2019/cs330/Project3/BlueHarvestBP/Content/StarterContent/EssentialTreeKit/TreeGroup_5/Textures/bark_06_OCC.uasset" 263
"../../../../../../notforyou/Documents/Spring2019/cs330/Project3/BlueHarvestBP/Content/StarterContent/EssentialTreeKit/TreeGroup_5/Textures/pine_leaf_NRM.uasset" 264
"../../../../../../notforyou/Documents/Spring2019/cs330/Project3/BlueHarvestBP/Content/StarterContent/EssentialTreeKit/TreeGroup_5/Materials/Tree_Leaf_Inst.uasset" 265
"../../../../../../notforyou/Documents/Spring2019/cs330/Project3/BlueHarvestBP/Content/StarterContent/EssentialTreeKit/TreeGroup_5/Materials/Tree_Bark_Inst.uasset" 266
"../../../../../../notforyou/Documents/Spring2019/cs330/Project3/BlueHarvestBP/Content/StarterContent/EssentialTreeKit/TreeGroup_5/Materials/Tree_Leaf_Inst_varient.uasset" 267
"../../../../../../notforyou/Documents/Spring2019/cs330/Project3/BlueHarvestBP/Content/EssentialTreeKit/TreeGroup_2/Textures/Small_Tree_Bark_Inst.uasset" 268
"../../../../../../notforyou/Documents/Spring2019/cs330/Project3/BlueHarvestBP/Content/StarterContent/EssentialTreeKit/TreeGroup_2/Greenleaf_Tree_04.uasset" 269
"../../../../../../notforyou/Documents/Spring2019/cs330/Project3/BlueHarvestBP/Content/StarterContent/EssentialTreeKit/TreeGroup_2/Greenleaf_Tree_02.uasset" 270
"../../../../../../notforyou/Documents/Spring2019/cs330/Project3/BlueHarvestBP/Content/StarterContent/EssentialTreeKit/TreeGroup_2/Greenleaf_Tree_05.uasset" 271
"../../../../../../notforyou/Documents/Spring2019/cs330/Project3/BlueHarvestBP/Content/StarterContent/EssentialTreeKit/TreeGroup_2/Greenleaf_Tree_03.uasset" 272
"../../../../../../notforyou/Documents/Spring2019/cs330/Project3/BlueHarvestBP/Content/StarterContent/EssentialTreeKit/TreeGroup_2/Greenleaf_Tree_01.uasset" 273
"../../../../../../notforyou/Documents/Spring2019/cs330/Project3/BlueHarvestBP/Content/StarterContent/EssentialTreeKit/TreeGroup_2/Textures/branch_01.uasset" 274
"../../../../../../notforyou/Documents/Spring2019/cs330/Project3/BlueHarvestBP/Content/StarterContent/EssentialTreeKit/TreeGroup_2/Textures/Tree_Leaf_Inst.uasset" 275
"../../../../../../notforyou/Documents/Spring2019/cs330/Project3/BlueHarvestBP/Content/StarterContent/EssentialTreeKit/TreeGroup_2/Textures/bark_OCC.uasset" 276
"../../../../../../notforyou/Documents/Spring2019/cs330/Project3/BlueHarvestBP/Content/StarterContent/EssentialTreeKit/TreeGroup_2/Textures/leaf16.uasset" 277
"../../../../../../notforyou/Documents/Spring2019/cs330/Project3/BlueHarvestBP/Content/StarterContent/EssentialTreeKit/TreeGroup_2/Textures/branch_01_NRM.uasset" 278
"../../../../../../notforyou/Documents/Spring2019/cs330/Project3/BlueHarvestBP/Content/StarterContent/EssentialTreeKit/TreeGroup_2/Textures/bark_DISP.uasset" 279
"../../../../../../notforyou/Documents/Spring2019/cs330/Project3/BlueHarvestBP/Content/StarterContent/EssentialTreeKit/TreeGroup_2/Textures/leaf16_NRM.uasset" 280
"../../../../../../notforyou/Documents/Spring2019/cs330/Project3/BlueHarvestBP/Content/StarterContent/EssentialTreeKit/TreeGroup_2/Textures/Tree_Leaf_Inst_3.uasset" 281
"../../../../../../notforyou/Documents/Spring2019/cs330/Project3/BlueHarvestBP/Content/StarterContent/EssentialTreeKit/TreeGroup_2/Textures/leaf17.uasset" 282
"../../../../../../notforyou/Documents/Spring2019/cs330/Project3/BlueHarvestBP/Content/StarterContent/EssentialTreeKit/TreeGroup_2/Textures/bark.uasset" 283
"../../../../../../notforyou/Documents/Spring2019/cs330/Project3/BlueHarvestBP/Content/StarterContent/EssentialTreeKit/TreeGroup_2/Textures/leaf17_NRM.uasset" 284
"../../../../../../notforyou/Documents/Spring2019/cs330/Project3/BlueHarvestBP/Content/StarterContent/EssentialTreeKit/TreeGroup_2/Textures/bark_NRM.uasset" 285
"../../../../../../notforyou/Documents/Spring2019/cs330/Project3/BlueHarvestBP/Content/StarterContent/EssentialTreeKit/TreeGroup_2/Textures/Tree_Bark_Inst.uasset" 286
"../../../../../../notforyou/Documents/Spring2019/cs330/Project3/BlueHarvestBP/Content/StarterContent/EssentialTreeKit/TreeGroup_2/Textures/Small_Tree_Bark_Inst.uasset" 287
"../../../../../../notforyou/Documents/Spring2019/cs330/Project3/BlueHarvestBP/Content/StarterContent/EssentialTreeKit/TreeGroup_2/Textures/Tree_Leaf_Inst_2.uasset" 288
"../../../../../../notforyou/Documents/Spring2019/cs330/Project3/BlueHarvestBP/Content/EssentialTreeKit/TreeGroup_3/Materials/Tree_Leaf_Inst_varient.uasset" 289
"../../../../../../notforyou/Documents/Spring2019/cs330/Project3/BlueHarvestBP/Content/EssentialTreeKit/TreeGroup_3/Materials/Tree_Leaf_Inst_varient1.uasset" 290
"../../../../../../notforyou/Documents/Spring2019/cs330/Project3/BlueHarvestBP/Content/EssentialTreeKit/TreeGroup_3/Materials/Tree_Leaf_varient2.uasset" 291
"../../../../../../notforyou/Documents/Spring2019/cs330/Project3/BlueHarvestBP/Content/StarterContent/EssentialTreeKit/TreeGroup_3/Mapple_Tree_redleaf_02.uasset" 292
"../../../../../../notforyou/Documents/Spring2019/cs330/Project3/BlueHarvestBP/Content/EssentialTreeKit/TreeGroup_3/Textures/maple_green_leaf.uasset" 293
"../../../../../../notforyou/Documents/Spring2019/cs330/Project3/BlueHarvestBP/Content/EssentialTreeKit/TreeGroup_3/Materials/Tree_Leaf_varient3.uasset" 294
"../../../../../../notforyou/Documents/Spring2019/cs330/Project3/BlueHarvestBP/Content/EssentialTreeKit/TreeGroup_3/Materials/Tree_Leaf_varient4.uasset" 295
"../../../../../../notforyou/Documents/Spring2019/cs330/Project3/BlueHarvestBP/Content/StarterContent/EssentialTreeKit/TreeGroup_3/Mapple_Tree_yellowleaf_02.uasset" 296
"../../../../../../notforyou/Documents/Spring2019/cs330/Project3/BlueHarvestBP/Content/StarterContent/EssentialTreeKit/TreeGroup_3/Mapple_Tree_redleaf_01.uasset" 297
"../../../../../../notforyou/Documents/Spring2019/cs330/Project3/BlueHarvestBP/Content/EssentialTreeKit/TreeGroup_3/Textures/maple_yellow_leaf.uasset" 298
"../../../../../../notforyou/Documents/Spring2019/cs330/Project3/BlueHarvestBP/Content/EssentialTreeKit/TreeGroup_3/Materials/Tree_Leaf_varient5.uasset" 299
"../../../../../../notforyou/Documents/Spring2019/cs330/Project3/BlueHarvestBP/Content/StarterContent/EssentialTreeKit/TreeGroup_3/Mapple_Tree_yellowleaf_01.uasset" 300
"../../../../../../notforyou/Documents/Spring2019/cs330/Project3/BlueHarvestBP/Content/StarterContent/EssentialTreeKit/TreeGroup_3/Textures/maple_yellow_leaf.uasset" 301
"../../../../../../notforyou/Documents/Spring2019/cs330/Project3/BlueHarvestBP/Content/StarterContent/EssentialTreeKit/TreeGroup_3/Textures/bark_01_NRM.uasset" 302
"../../../../../../notforyou/Documents/Spring2019/cs330/Project3/BlueHarvestBP/Content/StarterContent/EssentialTreeKit/TreeGroup_3/Textures/bark_01.uasset" 303
"../../../../../../notforyou/Documents/Spring2019/cs330/Project3/BlueHarvestBP/Content/StarterContent/EssentialTreeKit/TreeGroup_3/Textures/bark_01_OCC.uasset" 304
"../../../../../../notforyou/Documents/Spring2019/cs330/Project3/BlueHarvestBP/Content/StarterContent/EssentialTreeKit/TreeGroup_3/Textures/bark_01_DISP.uasset" 305
"../../../../../../notforyou/Documents/Spring2019/cs330/Project3/BlueHarvestBP/Content/StarterContent/EssentialTreeKit/TreeGroup_3/Textures/maple_leaf_NRM.uasset" 306
"../../../../../../notforyou/Documents/Spring2019/cs330/Project3/BlueHarvestBP/Content/StarterContent/EssentialTreeKit/TreeGroup_3/Textures/maple_green_leaf.uasset" 307
"../../../../../../notforyou/Documents/Spring2019/cs330/Project3/BlueHarvestBP/Content/StarterContent/EssentialTreeKit/TreeGroup_3/Textures/maple_red_leaf.uasset" 308
"../../../../../../notforyou/Documents/Spring2019/cs330/Project3/BlueHarvestBP/Content/StarterContent/EssentialTreeKit/TreeGroup_3/Materials/Tree_Leaf_varient4.uasset" 309
"../../../../../../notforyou/Documents/Spring2019/cs330/Project3/BlueHarvestBP/Content/StarterContent/EssentialTreeKit/TreeGroup_3/Materials/Tree_Leaf_Inst.uasset" 310
"../../../../../../notforyou/Documents/Spring2019/cs330/Project3/BlueHarvestBP/Content/StarterContent/EssentialTreeKit/TreeGroup_3/Materials/Tree_Leaf_varient2.uasset" 311
"../../../../../../notforyou/Documents/Spring2019/cs330/Project3/BlueHarvestBP/Content/StarterContent/EssentialTreeKit/TreeGroup_3/Materials/Tree_Leaf_varient5.uasset" 312
"../../../../../../notforyou/Documents/Spring2019/cs330/Project3/BlueHarvestBP/Content/StarterContent/EssentialTreeKit/TreeGroup_3/Materials/Tree_Leaf_Inst_varient1.uasset" 313
"../../../../../../notforyou/Documents/Spring2019/cs330/Project3/BlueHarvestBP/Content/StarterContent/EssentialTreeKit/TreeGroup_3/Materials/Tree_Leaf_varient3.uasset" 314
"../../../../../../notforyou/Documents/Spring2019/cs330/Project3/BlueHarvestBP/Content/StarterContent/EssentialTreeKit/TreeGroup_3/Materials/Tree_Bark_Inst.uasset" 315
"../../../../../../notforyou/Documents/Spring2019/cs330/Project3/BlueHarvestBP/Content/StarterContent/EssentialTreeKit/TreeGroup_3/Materials/Tree_Leaf_Inst_varient.uasset" 316
"../../../../../../notforyou/Documents/Spring2019/cs330/Project3/BlueHarvestBP/Content/EssentialTreeKit/TreeGroup_4/Textures/bark_05.uasset" 317
"../../../../../../notforyou/Documents/Spring2019/cs330/Project3/BlueHarvestBP/Content/EssentialTreeKit/TreeGroup_4/Textures/bark_05_DISP.uasset" 318
"../../../../../../notforyou/Documents/Spring2019/cs330/Project3/BlueHarvestBP/Content/EssentialTreeKit/TreeGroup_4/Textures/bark_05_NRM.uasset" 319
"../../../../../../notforyou/Documents/Spring2019/cs330/Project3/BlueHarvestBP/Content/EssentialTreeKit/TreeGroup_4/Textures/bark_05_OCC.uasset" 320
"../../../../../../notforyou/Documents/Spring2019/cs330/Project3/BlueHarvestBP/Content/EssentialTreeKit/TreeGroup_4/Materials/Tree_Bark_Inst.uasset" 321
"../../../../../../notforyou/Documents/Spring2019/cs330/Project3/BlueHarvestBP/Content/EssentialTreeKit/TreeGroup_4/Textures/green_branch.uasset" 322
"../../../../../../notforyou/Documents/Spring2019/cs330/Project3/BlueHarvestBP/Content/EssentialTreeKit/TreeGroup_4/Textures/green_branch_NRM.uasset" 323
"../../../../../../notforyou/Documents/Spring2019/cs330/Project3/BlueHarvestBP/Content/EssentialTreeKit/TreeGroup_4/Materials/Tree_Leaf_Inst.uasset" 324
"../../../../../../notforyou/Documents/Spring2019/cs330/Project3/BlueHarvestBP/Content/StarterContent/EssentialTreeKit/TreeGroup_4/Thin_Greenleaf_Tree_01.uasset" 325
"../../../../../../notforyou/Documents/Spring2019/cs330/Project3/BlueHarvestBP/Content/StarterContent/EssentialTreeKit/TreeGroup_4/Thin_Greenleaf_Tree_02.uasset" 326
"../../../../../../notforyou/Documents/Spring2019/cs330/Project3/BlueHarvestBP/Content/StarterContent/EssentialTreeKit/TreeGroup_4/Textures/green_branch_NRM.uasset" 327
"../../../../../../notforyou/Documents/Spring2019/cs330/Project3/BlueHarvestBP/Content/StarterContent/EssentialTreeKit/TreeGroup_4/Textures/bark_05_DISP.uasset" 328
"../../../../../../notforyou/Documents/Spring2019/cs330/Project3/BlueHarvestBP/Content/StarterContent/EssentialTreeKit/TreeGroup_4/Textures/bark_05_OCC.uasset" 329
"../../../../../../notforyou/Documents/Spring2019/cs330/Project3/BlueHarvestBP/Content/StarterContent/EssentialTreeKit/TreeGroup_4/Textures/green_branch.uasset" 330
"../../../../../../notforyou/Documents/Spring2019/cs330/Project3/BlueHarvestBP/Content/StarterContent/EssentialTreeKit/TreeGroup_4/Textures/bark_05_NRM.uasset" 331
"../../../../../../notforyou/Documents/Spring2019/cs330/Project3/BlueHarvestBP/Content/StarterContent/EssentialTreeKit/TreeGroup_4/Textures/bark_05.uasset" 332
"../../../../../../notforyou/Documents/Spring2019/cs330/Project3/BlueHarvestBP/Content/StarterContent/EssentialTreeKit/TreeGroup_4/Materials/Tree_Leaf_Inst.uasset" 333
"../../../../../../notforyou/Documents/Spring2019/cs330/Project3/BlueHarvestBP/Content/StarterContent/EssentialTreeKit/TreeGroup_4/Materials/Tree_Bark_Inst.uasset" 334
"../../../../../../notforyou/Documents/Spring2019/cs330/Project3/BlueHarvestBP/Content/StarterContent/Shapes/Shape_Wedge_A.uasset" 335
"../../../../../../notforyou/Documents/Spring2019/cs330/Project3/BlueHarvestBP/Content/StarterContent/Shapes/Shape_WideCapsule.uasset" 336
"../../../../../../notforyou/Documents/Spring2019/cs330/Project3/BlueHarvestBP/Content/StarterContent/Shapes/Shape_Tube.uasset" 337
"../../../../../../notforyou/Documents/Spring2019/cs330/Project3/BlueHarvestBP/Content/StarterContent/Shapes/Shape_Cylinder.uasset" 338
"../../../../../../notforyou/Documents/Spring2019/cs330/Project3/BlueHarvestBP/Content/StarterContent/Shapes/Shape_TriPyramid.uasset" 339
"../../../../../../notforyou/Documents/Spring2019/cs330/Project3/BlueHarvestBP/Content/StarterContent/Shapes/Shape_Trim.uasset" 340
"../../../../../../notforyou/Documents/Spring2019/cs330/Project3/BlueHarvestBP/Content/StarterContent/Shapes/Shape_Plane.uasset" 341
"../../../../../../notforyou/Documents/Spring2019/cs330/Project3/BlueHarvestBP/Content/StarterContent/Shapes/Shape_Trim_90_Out.uasset" 342
"../../../../../../notforyou/Documents/Spring2019/cs330/Project3/BlueHarvestBP/Content/StarterContent/Shapes/Shape_Pipe_90.uasset" 343
"../../../../../../notforyou/Documents/Spring2019/cs330/Project3/BlueHarvestBP/Content/StarterContent/Shapes/Shape_Pipe_180.uasset" 344
"../../../../../../notforyou/Documents/Spring2019/cs330/Project3/BlueHarvestBP/Content/StarterContent/Shapes/Shape_Pipe.uasset" 345
"../../../../../../notforyou/Documents/Spring2019/cs330/Project3/BlueHarvestBP/Content/StarterContent/Shapes/Shape_Cone.uasset" 346
"../../../../../../notforyou/Documents/Spring2019/cs330/Project3/BlueHarvestBP/Content/StarterContent/Shapes/Shape_Wedge_B.uasset" 347
"../../../../../../notforyou/Documents/Spring2019/cs330/Project3/BlueHarvestBP/Content/StarterContent/Shapes/Shape_Trim_90_In.uasset" 348
"../../../../../../notforyou/Documents/Spring2019/cs330/Project3/BlueHarvestBP/Content/StarterContent/Shapes/Shape_Torus.uasset" 349
"../../../../../../notforyou/Documents/Spring2019/cs330/Project3/BlueHarvestBP/Content/StarterContent/Architecture/Wall_Door_400x400.uasset" 350
"../../../../../../notforyou/Documents/Spring2019/cs330/Project3/BlueHarvestBP/Content/StarterContent/Architecture/Wall_400x400.uasset" 351
"../../../../../../notforyou/Documents/Spring2019/cs330/Project3/BlueHarvestBP/Content/StarterContent/Architecture/Wall_500x500.uasset" 352
"../../../../../../notforyou/Documents/Spring2019/cs330/Project3/BlueHarvestBP/Content/StarterContent/Architecture/Pillar_50x500.uasset" 353
"../../../../../../notforyou/Documents/Spring2019/cs330/Project3/BlueHarvestBP/Content/StarterContent/Architecture/Wall_400x300.uasset" 354
"../../../../../../notforyou/Documents/Spring2019/cs330/Project3/BlueHarvestBP/Content/StarterContent/Architecture/Wall_Window_400x400.uasset" 355
"../../../../../../notforyou/Documents/Spring2019/cs330/Project3/BlueHarvestBP/Content/StarterContent/Audio/Starter_Wind06.uasset" 356
"../../../../../../notforyou/Documents/Spring2019/cs330/Project3/BlueHarvestBP/Content/StarterContent/Audio/Starter_Birds01.uasset" 357
"../../../../../../notforyou/Documents/Spring2019/cs330/Project3/BlueHarvestBP/Content/StarterContent/Audio/Fire_Sparks01.uasset" 358
"../../../../../../notforyou/Documents/Spring2019/cs330/Project3/BlueHarvestBP/Content/StarterContent/Audio/Smoke01.uasset" 359
"../../../../../../notforyou/Documents/Spring2019/cs330/Project3/BlueHarvestBP/Content/StarterContent/Audio/Collapse01.uasset" 360
"../../../../../../notforyou/Documents/Spring2019/cs330/Project3/BlueHarvestBP/Content/StarterContent/Audio/Light02.uasset" 361
"../../../../../../notforyou/Documents/Spring2019/cs330/Project3/BlueHarvestBP/Content/StarterContent/Audio/Light02_Cue.uasset" 362
"../../../../../../notforyou/Documents/Spring2019/cs330/Project3/BlueHarvestBP/Content/StarterContent/Audio/Fire01.uasset" 363
"../../../../../../notforyou/Documents/Spring2019/cs330/Project3/BlueHarvestBP/Content/StarterContent/Audio/Light01_Cue.uasset" 364
"../../../../../../notforyou/Documents/Spring2019/cs330/Project3/BlueHarvestBP/Content/StarterContent/Audio/Starter_Wind05.uasset" 365
"../../../../../../notforyou/Documents/Spring2019/cs330/Project3/BlueHarvestBP/Content/StarterContent/Audio/Steam01.uasset" 366
"../../../../../../notforyou/Documents/Spring2019/cs330/Project3/BlueHarvestBP/Content/StarterContent/Audio/Starter_Music01.uasset" 367
"../../../../../../notforyou/Documents/Spring2019/cs330/Project3/BlueHarvestBP/Content/StarterContent/Audio/Explosion01.uasset" 368
"../../../../../../notforyou/Documents/Spring2019/cs330/Project3/BlueHarvestBP/Content/StarterContent/Audio/Light01.uasset" 369
"../../../../../../notforyou/Documents/Spring2019/cs330/Project3/BlueHarvestBP/Content/StarterContent/Audio/Collapse02.uasset" 370
"../../../Engine/Content/Maps/Templates/Thumbnails/Default.uasset" 371
"../../../Engine/Content/Maps/Templates/Thumbnails/VR-Basic.uasset" 372
"../../../Engine/Content/MobileResources/T_MobileControls_texture.uasset" 373
"../../../Engine/Content/MobileResources/T_MobileMenu2.uasset" 374
"../../../Engine/Content/MobileResources/HUD/MobileHUDDirectionPad3.uasset" 375
"../../../Engine/Content/MobileResources/HUD/MobileHUDButton2_off.uasset" 376
"../../../Engine/Content/MobileResources/HUD/MobileHUDButton3.uasset" 377
"../../../Engine/Content/MobileResources/HUD/T_Castle_ThumbstickInner.uasset" 378
"../../../Engine/Content/MobileResources/HUD/MobileHUDDirectionStick.uasset" 379
"../../../Engine/Content/MobileResources/HUD/VirtualJoystick_Background.uasset" 380
"../../../Engine/Content/MobileResources/HUD/VirtualJoystick_Thumb.uasset" 381
"../../../Engine/Content/MobileResources/HUD/DefaultVirtualJoysticks.uasset" 382
"../../../Engine/Content/MobileResources/HUD/T_Castle_ThumbstickOutter.uasset" 383
"../../../Engine/Content/MobileResources/HUD/MobileHUDButton2_on.uasset" 384
"../../../Engine/Content/MobileResources/HUD/MobileHUDDirectionPad2.uasset" 385
"../../../Engine/Content/MobileResources/HUD/MobileHUDDirectionPad.uasset" 386
"../../../Engine/Content/MobileResources/HUD/AnalogHat.uasset" 387
"../../../Engine/Content/MobileResources/HUD/MobileHUDButton1_on.uasset" 388
"../../../Engine/Content/MobileResources/HUD/MobileHUDButtonFire.uasset" 389
"../../../Engine/Content/MobileResources/HUD/LeftVirtualJoystickOnly.uasset" 390
"../../../Engine/Content/MobileResources/HUD/MobileHUDButton1_off.uasset" 391
"../../../Engine/Content/Tutorial/ContentIntroCurve.uasset" 392
"../../../Engine/Content/Tutorial/Basics/TutorialAssets/icon_tab_Levels_40x.uasset" 393
"../../../Engine/Content/Tutorial/BlueprintTutorials/TutorialAssets/Blueprint_64x.uasset" 394
"../../../Engine/Content/Tutorial/BlueprintTutorials/TutorialAssets/BlueprintInterface_64x.uasset" 395
"../../../Engine/Content/Tutorial/BlueprintTutorials/TutorialAssets/Tutorial_BP_Interface.uasset" 396
"../../../Engine/Content/EngineResources/DefaultTextureCube.uasset" 397
"../../../Engine/Content/EngineResources/DefaultTexture.uasset" 398
"../../../Engine/Content/EngineResources/Black.uasset" 399
"../../../Engine/Content/EngineResources/DefaultVolumeTexture2D.uasset" 400
"../../../Engine/Content/EngineResources/DefaultVolumeTexture.uasset" 401
"../../../Engine/Content/EngineResources/GradientTexture0.uasset" 402
"../../../Engine/Content/EditorLandscapeResources/DataLayer.uasset" 403
"../../../Engine/Content/EditorSounds/Notifications/CompileSuccess.uasset" 404
"../../../Engine/Content/EditorSounds/Notifications/CompileSuccess_Cue.uasset" 405
"../../../Engine/Content/EditorSounds/Notifications/CompileFailed.uasset" 406
"../../../Engine/Content/EditorSounds/Notifications/CompileFailed_Cue.uasset" 407
"../../../Engine/Content/EditorSounds/Notifications/CompileStart_Cue.uasset" 408
"../../../Engine/Content/EditorMaterials/Camera/CineMat.uasset" 409
"../../../Engine/Content/EditorMaterials/Camera/MI_CineMat_Rig.uasset" 410
"../../../Engine/Content/EditorMeshes/Camera/SM_CraneRig_Body.uasset" 411
"../../../Engine/Content/EditorMeshes/Camera/SM_RailRig_Mount.uasset" 412
"../../../Engine/Content/EditorMeshes/Camera/SM_CraneRig_Base.uasset" 413
"../../../Engine/Content/EditorMeshes/Camera/SM_CraneRig_Mount.uasset" 414
"../../../Engine/Content/EditorMeshes/Camera/SM_CraneRig_Arm.uasset" 415
"../../../Engine/Content/EditorMeshes/Camera/SM_RailRig_Track.uasset" 416
"../../../Engine/Content/EngineFonts/Faces/RobotoTiny.uasset" 417
"../../../Engine/Content/EngineFonts/RobotoTiny.uasset" 418
"../../../Engine/Content/EngineFonts/Faces/RobotoBold.uasset" 419
"../../../Engine/Content/EngineFonts/Faces/RobotoBoldItalic.uasset" 420
"../../../Engine/Content/EngineFonts/Faces/RobotoItalic.uasset" 421
"../../../Engine/Content/EngineFonts/Faces/RobotoLight.uasset" 422
"../../../Engine/Content/EngineFonts/Faces/RobotoRegular.uasset" 423
"../../../Engine/Content/EngineFonts/Roboto.uasset" 424
"../../../Engine/Content/EngineDamageTypes/DmgTypeBP_Environmental.uasset" 425
"../../../Engine/Content/ArtTools/RenderToTexture/Meshes/S_1_Unit_Plane.uasset" 426
"../../../Engine/Content/EngineResources/WhiteSquareTexture.uasset" 427
"../../../Engine/Content/EngineMaterials/Widget3DPassThrough.uasset" 428
"../../../Engine/Content/EngineMaterials/Widget3DPassThrough_Masked.uasset" 429
"../../../Engine/Content/EngineMaterials/WeightMapPlaceholderTexture.uasset" 430
"../../../Engine/Content/EngineMaterials/Widget3DPassThrough_Translucent.uasset" 431
"../../../Engine/Content/EngineMaterials/Widget3DPassThrough_Translucent_OneSided.uasset" 432
"../../../Engine/Content/EngineMaterials/EditorBrushMaterial.uasset" 433
"../../../Engine/Content/Functions/Engine_MaterialFunctions02/WorldPositionOffset/CameraOffset.uasset" 434
"../../../Engine/Content/EngineMaterials/PhAT_JointLimitMaterial.uasset" 435
"../../../Engine/Content/EngineMaterials/Widget3DPassThrough_Opaque.uasset" 436
"../../../Engine/Content/EngineMaterials/Widget3DPassThrough_Masked_OneSided.uasset" 437
"../../../Engine/Content/EngineMaterials/Good64x64TilingNoiseHighFreq.uasset" 438
"../../../Engine/Content/EngineMaterials/DefaultBloomKernel.uasset" 439
"../../../Engine/Content/EngineMaterials/RemoveSurfaceMaterial.uasset" 440
"../../../Engine/Content/EngineMaterials/DefaultDiffuse.uasset" 441
"../../../Engine/Content/EngineMaterials/DefaultDeferredDecalMaterial.uasset" 442
"../../../Engine/Content/Functions/Engine_MaterialFunctions02/Utility/BreakOutFloat2Components.uasset" 443
"../../../Engine/Content/EngineMaterials/DefaultPostProcessMaterial.uasset" 444
"../../../Engine/Content/EngineMaterials/DefaultPhysicalMaterial.uasset" 445
"../../../Engine/Content/EngineMaterials/BaseFlattenDiffuseMap.uasset" 446
"../../../Engine/Content/EngineMaterials/BaseFlattenEmissiveMap.uasset" 447
"../../../Engine/Content/EngineMaterials/BaseFlattenGrayscaleMap.uasset" 448
"../../../Engine/Content/EngineMaterials/BaseFlattenNormalMap.uasset" 449
"../../../Engine/Content/EngineMaterials/BaseFlattenMaterial.uasset" 450
"../../../Engine/Content/EngineMaterials/InvalidLightmapSettings.uasset" 451
"../../../Engine/Content/EngineMaterials/M_InvalidLightmapSettings.uasset" 452
"../../../Engine/Content/EngineFonts/RobotoDistanceField.uasset" 453
"../../../Engine/Content/EngineMaterials/DefaultTextMaterialOpaque.uasset" 454
"../../../Engine/Content/EngineMaterials/PreintegratedSkinBRDF.uasset" 455
"../../../Engine/Content/EngineMaterials/Widget3DPassThrough_Opaque_OneSided.uasset" 456
"../../../Engine/Content/EngineMaterials/DefaultBokeh.uasset" 457
"../../../Engine/Content/EngineMaterials/DefaultLightFunctionMaterial.uasset" 458
"../../../Engine/Content/EngineMaterials/MiniFont.uasset" 459
"../../../Engine/Content/EngineMaterials/DefaultWhiteGrid.uasset" 460
"../../../Engine/Content/EngineDebugMaterials/DebugEditorMaterial.uasset" 461
"../../../Engine/Content/EngineDebugMaterials/GeomMaterial.uasset" 462
"../../../Engine/Content/EngineDebugMaterials/HeatmapGradient.uasset" 463
"../../../Engine/Content/EngineDebugMaterials/BoneWeightMaterial.uasset" 464
"../../../Engine/Content/EngineDebugMaterials/ClothMaterial.uasset" 465
"../../../Engine/Content/EngineDebugMaterials/ClothMaterial_WF.uasset" 466
"../../../Engine/Content/EngineDebugMaterials/DebugMeshMaterial.uasset" 467
"../../../Engine/Content/EngineDebugMaterials/M_SimpleTranslucent.uasset" 468
"../../../Engine/Content/EditorResources/S_Trigger.uasset" 469
"../../../Engine/Content/EditorResources/S_Actor.uasset" 470
"../../../Engine/Content/EditorResources/EmptyActor.uasset" 471
"../../../Engine/Content/EditorResources/BSPVertex.uasset" 472
"../../../Engine/Content/EditorResources/SequenceRecorder/Countdown.uasset" 473
"../../../Engine/Content/EditorResources/SequenceRecorder/RecordingIndicator.uasset" 474
"../../../Engine/Content/EditorResources/AudioIcons/S_AudioComponent_AutoActivate.uasset" 475
"../../../Engine/Content/EditorResources/AudioIcons/S_AudioComponent.uasset" 476
"../../../Engine/Content/EditorResources/LightIcons/S_LightError.uasset" 477
"../../../Engine/Content/BasicShapes/Cone.uasset" 478
"../../../Engine/Content/BasicShapes/Cylinder.uasset" 479
"../../../Engine/Content/BasicShapes/Plane.uasset" 480
"../../../Engine/Content/BasicShapes/Sphere.uasset" 481
"../../../Engine/Content/Functions/Engine_MaterialFunctions01/Shading/ConvertFromDiffSpec.uasset" 482
"../../../Engine/Content/Functions/Engine_MaterialFunctions01/Shading/PowerToRoughness.uasset" 483
"../../../Engine/Content/EditorMaterials/PreviewShadowIndicator.uasset" 484
"../../../Engine/Content/EditorMaterials/PreviewShadowIndicatorMaterial.uasset" 485
"../../../Engine/Content/EditorMaterials/GizmoMaterial.uasset" 486
"../../../Engine/Content/EditorMaterials/MAT_Groups_Toggle.uasset" 487
"../../../Engine/Content/EditorMaterials/MAT_Groups_Visibility.uasset" 488
"../../../Engine/Content/EditorMaterials/ParticleSystems/PSysThumbnail_NoImage.uasset" 489
"../../../Engine/Content/EditorMaterials/ParticleSystems/PSysThumbnail_OOD.uasset" 490
"../../../Engine/Content/EditorMaterials/MatineeGroups/MAT_Groups_Vector.uasset" 491
"../../../Engine/Content/EditorMaterials/MatineeGroups/MAT_ColorTrack.uasset" 492
"../../../Engine/Content/EditorMaterials/MatineeGroups/MAT_Groups_AudioMaster.uasset" 493
"../../../Engine/Content/EditorMaterials/MatineeGroups/MAT_Groups_Sound.uasset" 494
"../../../Engine/Content/EditorMaterials/MatineeGroups/MAT_Groups_Float.uasset" 495
"../../../Engine/Content/EditorMaterials/MatineeGroups/MAT_Groups_Director.uasset" 496
"../../../Engine/Content/EditorMaterials/MatineeGroups/MAT_Groups_Move.uasset" 497
"../../../Engine/Content/EditorMaterials/MatineeGroups/MAT_Groups_Event.uasset" 498
"../../../Engine/Content/EditorMaterials/MatineeGroups/MAT_Groups_Fade.uasset" 499
"../../../Engine/Content/EditorMaterials/MatineeGroups/MAT_Groups_Anim.uasset" 500
"../../../Engine/Content/EditorMaterials/MatineeGroups/MAT_Groups_Slomo.uasset" 501
"../../../Engine/Content/EngineSounds/Master.uasset" 502
"../../../Engine/Content/EngineMeshes/Sphere.uasset" 503
"../../../Engine/Content/VREditor/TransformGizmo/TransformGizmoMaterial.uasset" 504
"../../../Engine/Content/VREditor/TransformGizmo/TranslucentTransformGizmoMaterial.uasset" 505
"../../../Engine/Content/VREditor/TransformGizmo/PlaneTranslationHandle.uasset" 506
"../../../Engine/Content/VREditor/TransformGizmo/Main.uasset" 507
"../../../Engine/Content/VREditor/TransformGizmo/Xray.uasset" 508
"../../../Engine/Content/VREditor/TransformGizmo/SM_Sequencer_Key.uasset" 509
"../../../Engine/Content/VREditor/TransformGizmo/BoundingBoxCorner.uasset" 510
"../../../Engine/Content/VREditor/TransformGizmo/SM_Sequencer_Node.uasset" 511
"../../../Engine/Content/VREditor/TransformGizmo/BoundingBoxEdge.uasset" 512
"../../Plugins/2D/Paper2D/Content/DefaultSpriteMaterial.uasset" 513
"../../Plugins/2D/Paper2D/Content/OpaqueUnlitSpriteMaterial.uasset" 514
"../../Plugins/2D/Paper2D/Content/PlaceholderTextures/DummySpriteTexture.uasset" 515
"../../Plugins/2D/Paper2D/Content/DummySprite.uasset" 516
"../../Plugins/2D/Paper2D/Content/DefaultPaperTerrainMaterial.uasset" 517
"../../Plugins/2D/Paper2D/Content/MaskedUnlitSpriteMaterial.uasset" 518
"../../../Engine/Content/EngineSky/C_Sky_Cloud_Color.uasset" 519
"../../../Engine/Content/EngineSky/C_Sky_Horizon_Color.uasset" 520
"../../../Engine/Content/EngineSky/C_Sky_Zenith_Color.uasset" 521
"../../../Engine/Content/EngineSky/T_Sky_Blue.uasset" 522
"../../../Engine/Content/EngineSky/T_Sky_Clouds_M.uasset" 523
"../../../Engine/Content/EngineSky/T_Sky_Stars.uasset" 524
"../../../Engine/Content/EngineSky/M_Sky_Panning_Clouds2.uasset" 525
"../../../Engine/Content/EngineSky/SM_SkySphere.uasset" 526
"../../../Engine/Content/EngineSky/BP_Sky_Sphere.uasset" 527
"../../../Engine/Content/MapTemplates/SM_Template_Map_Floor.uasset" 528
"../../../../../../notforyou/Documents/Spring2019/cs330/Project3/BlueHarvestBP/Content/EssentialTreeKit/TreeGroup_1/Multibranch_Tree_01.uasset" 529
"../../../../../../notforyou/Documents/Spring2019/cs330/Project3/BlueHarvestBP/Content/EssentialTreeKit/TreeGroup_1/Multibranch_Tree_Old.uasset" 530
"../../../../../../notforyou/Documents/Spring2019/cs330/Project3/BlueHarvestBP/Content/EssentialTreeKit/TreeGroup_2/Greenleaf_Tree_02.uasset" 531
"../../../../../../notforyou/Documents/Spring2019/cs330/Project3/BlueHarvestBP/Content/EssentialTreeKit/TreeGroup_2/Greenleaf_Tree_03.uasset" 532
"../../../../../../notforyou/Documents/Spring2019/cs330/Project3/BlueHarvestBP/Content/EssentialTreeKit/TreeGroup_2/Greenleaf_Tree_04.uasset" 533
"../../../../../../notforyou/Documents/Spring2019/cs330/Project3/BlueHarvestBP/Content/EssentialTreeKit/TreeGroup_2/Greenleaf_Tree_05.uasset" 534
"../../../../../../notforyou/Documents/Spring2019/cs330/Project3/BlueHarvestBP/Content/EssentialTreeKit/TreeGroup_3/Mapple_Tree_redleaf_02.uasset" 535
"../../../../../../notforyou/Documents/Spring2019/cs330/Project3/BlueHarvestBP/Content/EssentialTreeKit/TreeGroup_3/Mapple_Tree_yellowleaf_01.uasset" 536
"../../../../../../notforyou/Documents/Spring2019/cs330/Project3/BlueHarvestBP/Content/EssentialTreeKit/TreeGroup_3/Mapple_Tree_yellowleaf_02.uasset" 537
"../../../../../../notforyou/Documents/Spring2019/cs330/Project3/BlueHarvestBP/Content/EssentialTreeKit/TreeGroup_4/Thin_Greenleaf_Tree_01.uasset" 538
"../../../../../../notforyou/Documents/Spring2019/cs330/Project3/BlueHarvestBP/Content/EssentialTreeKit/TreeGroup_4/Thin_Greenleaf_Tree_02.uasset" 539
"../../../../../../notforyou/Documents/Spring2019/cs330/Project3/BlueHarvestBP/Content/EssentialTreeKit/TreeGroup_5/Pine_01.uasset" 540
"../../../../../../notforyou/Documents/Spring2019/cs330/Project3/BlueHarvestBP/Content/EssentialTreeKit/TreeGroup_5/Pine_02.uasset" 541
"../../../../../../notforyou/Documents/Spring2019/cs330/Project3/BlueHarvestBP/Content/EssentialTreeKit/TreeGroup_5/Pine_03.uasset" 542
"../../../../../../notforyou/Documents/Spring2019/cs330/Project3/BlueHarvestBP/Content/EssentialTreeKit/TreeGroup_5/Pine_04.uasset" 543
"../../../../../../notforyou/Documents/Spring2019/cs330/Project3/BlueHarvestBP/Content/EssentialTreeKit/DemoLevel/Demo_TreekitLevel.umap" 544
"../../../../../../notforyou/Documents/Spring2019/cs330/Project3/BlueHarvestBP/Content/Levels/Endor1_BuiltData.uasset" 545
"../../../../../../notforyou/Documents/Spring2019/cs330/Project3/BlueHarvestBP/Content/Levels/Endor1.umap" 546
"../../../../../../notforyou/Documents/Spring2019/cs330/Project3/BlueHarvestBP/Content/Levels/MainMenu.umap" 547
"../../../../../../notforyou/Documents/Spring2019/cs330/Project3/BlueHarvestBP/Content/Levels/AsteroidField_BuiltData.uasset" 548
"../../../../../../notforyou/Documents/Spring2019/cs330/Project3/BlueHarvestBP/Content/Levels/AsteroidField.umap" 549
"../../../../../../notforyou/Documents/Spring2019/cs330/Project3/BlueHarvestBP/Content/Levels/empty.umap" 550
"../../../../../../notforyou/Documents/Spring2019/cs330/Project3/BlueHarvestBP/Content/StarterContent/Blueprints/Assets/FogBrightnessLUT.uasset" 551
"../../../../../../notforyou/Documents/Spring2019/cs330/Project3/BlueHarvestBP/Content/StarterContent/Blueprints/Assets/SunlightColorLUT.uasset" 552
"../../../../../../notforyou/Documents/Spring2019/cs330/Project3/BlueHarvestBP/Content/StarterContent/Blueprints/Assets/M_LightStage_Arrows.uasset" 553
"../../../Engine/Content/MapTemplates/Sky/DaylightAmbientCubemap.uasset" 554
"../../../../../../notforyou/Documents/Spring2019/cs330/Project3/BlueHarvestBP/Content/StarterContent/Blueprints/Assets/M_LightStage_Skybox_Master.uasset" 555
"../../../../../../notforyou/Documents/Spring2019/cs330/Project3/BlueHarvestBP/Content/StarterContent/Blueprints/Assets/M_LightStage_Skybox_Black.uasset" 556
"../../../../../../notforyou/Documents/Spring2019/cs330/Project3/BlueHarvestBP/Content/StarterContent/Blueprints/Assets/M_LightStage_Skybox_HDRI.uasset" 557
"../../../Engine/Content/EditorMaterials/Thumbnails/SkySphereMaterial.uasset" 558
"../../../../../../notforyou/Documents/Spring2019/cs330/Project3/BlueHarvestBP/Content/StarterContent/Blueprints/Assets/Skybox.uasset" 559
"../../../../../../notforyou/Documents/Spring2019/cs330/Project3/BlueHarvestBP/Content/StarterContent/Blueprints/Assets/SM_Arrows.uasset" 560
"../../../../../../notforyou/Documents/Spring2019/cs330/Project3/BlueHarvestBP/Content/StarterContent/HDRI/HDRI_Epic_Courtyard_Daylight.uasset" 561
"../../../../../../notforyou/Documents/Spring2019/cs330/Project3/BlueHarvestBP/Content/StarterContent/Blueprints/BP_LightStudio.uasset" 562
"../../../../../../notforyou/Documents/Spring2019/cs330/Project3/BlueHarvestBP/Content/StarterContent/Maps/Advanced_Lighting_BuiltData.uasset" 563
"../../../../../../notforyou/Documents/Spring2019/cs330/Project3/BlueHarvestBP/Content/StarterContent/Materials/M_AssetPlatform.uasset" 564
"../../../Engine/Content/EditorMeshes/ColorCalibrator/M_ChromeBall.uasset" 565
"../../../Engine/Content/EditorMeshes/ColorCalibrator/M_ClearCoat.uasset" 566
"../../../Engine/Content/EditorMeshes/ColorCalibrator/M_ClearCoatBlack.uasset" 567
"../../../Engine/Content/EditorMeshes/ColorCalibrator/Color_checker.uasset" 568
"../../../Engine/Content/EditorMeshes/ColorCalibrator/M_ColorGrid.uasset" 569
"../../../Engine/Content/EditorMeshes/ColorCalibrator/M_GreyBall.uasset" 570
"../../../Engine/Content/EditorMeshes/ColorCalibrator/SM_ColorCalibrator.uasset" 571
"../../../../../../notforyou/Documents/Spring2019/cs330/Project3/BlueHarvestBP/Content/StarterContent/Architecture/SM_AssetPlatform.uasset" 572
"../../../../../../notforyou/Documents/Spring2019/cs330/Project3/BlueHarvestBP/Content/StarterContent/Maps/Advanced_Lighting.umap" 573
"../../../../../../notforyou/Documents/Spring2019/cs330/Project3/BlueHarvestBP/Content/StarterContent/Audio/Fire01_Cue.uasset" 574
"../../../../../../notforyou/Documents/Spring2019/cs330/Project3/BlueHarvestBP/Content/StarterContent/Textures/T_Fire_SubUV.uasset" 575
"../../../../../../notforyou/Documents/Spring2019/cs330/Project3/BlueHarvestBP/Content/StarterContent/Textures/T_Fire_Tiled_D.uasset" 576
"../../../../../../notforyou/Documents/Spring2019/cs330/Project3/BlueHarvestBP/Content/StarterContent/Particles/Materials/M_Fire_SubUV.uasset" 577
"../../../../../../notforyou/Documents/Spring2019/cs330/Project3/BlueHarvestBP/Content/StarterContent/Textures/T_Water_N.uasset" 578
"../../../../../../notforyou/Documents/Spring2019/cs330/Project3/BlueHarvestBP/Content/StarterContent/Particles/Materials/M_Heat_Distortion.uasset" 579
"../../../../../../notforyou/Documents/Spring2019/cs330/Project3/BlueHarvestBP/Content/StarterContent/Particles/Materials/M_Radial_Gradient.uasset" 580
"../../../../../../notforyou/Documents/Spring2019/cs330/Project3/BlueHarvestBP/Content/StarterContent/Particles/P_Fire.uasset" 581
"../../../../../../notforyou/Documents/Spring2019/cs330/Project3/BlueHarvestBP/Content/StarterContent/Blueprints/Blueprint_Effect_Fire.uasset" 582
"../../../../../../notforyou/Documents/Spring2019/cs330/Project3/BlueHarvestBP/Content/StarterContent/Audio/Smoke01_Cue.uasset" 583
"../../../../../../notforyou/Documents/Spring2019/cs330/Project3/BlueHarvestBP/Content/StarterContent/Particles/P_Smoke.uasset" 584
"../../../../../../notforyou/Documents/Spring2019/cs330/Project3/BlueHarvestBP/Content/StarterContent/Blueprints/Blueprint_Effect_Smoke.uasset" 585
"../../../../../../notforyou/Documents/Spring2019/cs330/Project3/BlueHarvestBP/Content/StarterContent/Audio/Fire_Sparks01_Cue.uasset" 586
"../../../../../../notforyou/Documents/Spring2019/cs330/Project3/BlueHarvestBP/Content/StarterContent/Textures/T_Spark_Core.uasset" 587
"../../../../../../notforyou/Documents/Spring2019/cs330/Project3/BlueHarvestBP/Content/StarterContent/Particles/Materials/M_Spark.uasset" 588
"../../../../../../notforyou/Documents/Spring2019/cs330/Project3/BlueHarvestBP/Content/StarterContent/Particles/P_Sparks.uasset" 589
"../../../../../../notforyou/Documents/Spring2019/cs330/Project3/BlueHarvestBP/Content/StarterContent/Blueprints/Blueprint_Effect_Sparks.uasset" 590
"../../../../../../notforyou/Documents/Spring2019/cs330/Project3/BlueHarvestBP/Content/StarterContent/Audio/Steam01_Cue.uasset" 591
"../../../../../../notforyou/Documents/Spring2019/cs330/Project3/BlueHarvestBP/Content/StarterContent/Particles/P_Steam_Lit.uasset" 592
"../../../../../../notforyou/Documents/Spring2019/cs330/Project3/BlueHarvestBP/Content/StarterContent/Blueprints/Blueprint_Effect_Steam.uasset" 593
"../../../../../../notforyou/Documents/Spring2019/cs330/Project3/BlueHarvestBP/Content/StarterContent/Textures/T_Lamp_M.uasset" 594
"../../../../../../notforyou/Documents/Spring2019/cs330/Project3/BlueHarvestBP/Content/StarterContent/Textures/T_Lamp_N.uasset" 595
"../../../../../../notforyou/Documents/Spring2019/cs330/Project3/BlueHarvestBP/Content/StarterContent/Props/Materials/M_Lamp.uasset" 596
"../../../../../../notforyou/Documents/Spring2019/cs330/Project3/BlueHarvestBP/Content/StarterContent/Props/SM_Lamp_Ceiling.uasset" 597
"../../../../../../notforyou/Documents/Spring2019/cs330/Project3/BlueHarvestBP/Content/StarterContent/Blueprints/Blueprint_CeilingLight.uasset" 598
"../../../../../../notforyou/Documents/Spring2019/cs330/Project3/BlueHarvestBP/Content/StarterContent/Props/SM_Lamp_Wall.uasset" 599
"../../../../../../notforyou/Documents/Spring2019/cs330/Project3/BlueHarvestBP/Content/StarterContent/Blueprints/Blueprint_WallSconce.uasset" 600
"../../../../../../notforyou/Documents/Spring2019/cs330/Project3/BlueHarvestBP/Content/StarterContent/Maps/StarterMap_BuiltData.uasset" 601
"../../../Engine/Content/Functions/Engine_MaterialFunctions03/Procedurals/ComputeFilterWidth.uasset" 602
"../../../Engine/Content/EngineMaterials/AntiAliasedTextMaterialTranslucent.uasset" 603
"../../../../../../notforyou/Documents/Spring2019/cs330/Project3/BlueHarvestBP/Content/StarterContent/Textures/T_Brick_Clay_Beveled_D.uasset" 604
"../../../../../../notforyou/Documents/Spring2019/cs330/Project3/BlueHarvestBP/Content/StarterContent/Textures/T_Brick_Clay_Beveled_M.uasset" 605
"../../../../../../notforyou/Documents/Spring2019/cs330/Project3/BlueHarvestBP/Content/StarterContent/Textures/T_Brick_Clay_Beveled_N.uasset" 606
"../../../../../../notforyou/Documents/Spring2019/cs330/Project3/BlueHarvestBP/Content/StarterContent/Materials/M_Brick_Clay_Beveled.uasset" 607
"../../../../../../notforyou/Documents/Spring2019/cs330/Project3/BlueHarvestBP/Content/StarterContent/Textures/T_Brick_Clay_New_D.uasset" 608
"../../../../../../notforyou/Documents/Spring2019/cs330/Project3/BlueHarvestBP/Content/StarterContent/Textures/T_Brick_Clay_New_M.uasset" 609
"../../../../../../notforyou/Documents/Spring2019/cs330/Project3/BlueHarvestBP/Content/StarterContent/Textures/T_Brick_Clay_New_N.uasset" 610
"../../../../../../notforyou/Documents/Spring2019/cs330/Project3/BlueHarvestBP/Content/StarterContent/Materials/M_Brick_Clay_New.uasset" 611
"../../../../../../notforyou/Documents/Spring2019/cs330/Project3/BlueHarvestBP/Content/StarterContent/Textures/T_Brick_Clay_Old_D.uasset" 612
"../../../../../../notforyou/Documents/Spring2019/cs330/Project3/BlueHarvestBP/Content/StarterContent/Textures/T_Brick_Clay_Old_N.uasset" 613
"../../../../../../notforyou/Documents/Spring2019/cs330/Project3/BlueHarvestBP/Content/StarterContent/Materials/M_Brick_Clay_Old.uasset" 614
"../../../../../../notforyou/Documents/Spring2019/cs330/Project3/BlueHarvestBP/Content/StarterContent/Textures/T_Brick_Cut_Stone_D.uasset" 615
"../../../../../../notforyou/Documents/Spring2019/cs330/Project3/BlueHarvestBP/Content/StarterContent/Textures/T_Brick_Cut_Stone_N.uasset" 616
"../../../../../../notforyou/Documents/Spring2019/cs330/Project3/BlueHarvestBP/Content/StarterContent/Materials/M_Brick_Cut_Stone.uasset" 617
"../../../../../../notforyou/Documents/Spring2019/cs330/Project3/BlueHarvestBP/Content/StarterContent/Textures/T_Brick_Hewn_Stone_D.uasset" 618
"../../../../../../notforyou/Documents/Spring2019/cs330/Project3/BlueHarvestBP/Content/StarterContent/Textures/T_Brick_Hewn_Stone_M.uasset" 619
"../../../../../../notforyou/Documents/Spring2019/cs330/Project3/BlueHarvestBP/Content/StarterContent/Textures/T_Brick_Hewn_Stone_N.uasset" 620
"../../../../../../notforyou/Documents/Spring2019/cs330/Project3/BlueHarvestBP/Content/StarterContent/Materials/M_Brick_Hewn_Stone.uasset" 621
"../../../../../../notforyou/Documents/Spring2019/cs330/Project3/BlueHarvestBP/Content/StarterContent/Textures/T_Ceramic_Tile_M.uasset" 622
"../../../../../../notforyou/Documents/Spring2019/cs330/Project3/BlueHarvestBP/Content/StarterContent/Textures/T_Ceramic_Tile_N.uasset" 623
"../../../../../../notforyou/Documents/Spring2019/cs330/Project3/BlueHarvestBP/Content/StarterContent/Textures/T_Rock_Marble_Polished_D.uasset" 624
"../../../../../../notforyou/Documents/Spring2019/cs330/Project3/BlueHarvestBP/Content/StarterContent/Materials/M_Ceramic_Tile_Checker.uasset" 625
"../../../../../../notforyou/Documents/Spring2019/cs330/Project3/BlueHarvestBP/Content/StarterContent/Textures/T_CobbleStone_Smooth_D.uasset" 626
"../../../../../../notforyou/Documents/Spring2019/cs330/Project3/BlueHarvestBP/Content/StarterContent/Textures/T_CobbleStone_Smooth_M.uasset" 627
"../../../../../../notforyou/Documents/Spring2019/cs330/Project3/BlueHarvestBP/Content/StarterContent/Textures/T_CobbleStone_Smooth_N.uasset" 628
"../../../../../../notforyou/Documents/Spring2019/cs330/Project3/BlueHarvestBP/Content/StarterContent/Materials/M_CobbleStone_Smooth.uasset" 629
"../../../../../../notforyou/Documents/Spring2019/cs330/Project3/BlueHarvestBP/Content/StarterContent/Textures/T_Concrete_Grime_D.uasset" 630
"../../../../../../notforyou/Documents/Spring2019/cs330/Project3/BlueHarvestBP/Content/StarterContent/Textures/T_Metal_Rust_N.uasset" 631
"../../../../../../notforyou/Documents/Spring2019/cs330/Project3/BlueHarvestBP/Content/StarterContent/Materials/M_Concrete_Grime.uasset" 632
"../../../../../../notforyou/Documents/Spring2019/cs330/Project3/BlueHarvestBP/Content/StarterContent/Textures/T_Concrete_Panels_D.uasset" 633
"../../../../../../notforyou/Documents/Spring2019/cs330/Project3/BlueHarvestBP/Content/StarterContent/Textures/T_Concrete_Panels_N.uasset" 634
"../../../../../../notforyou/Documents/Spring2019/cs330/Project3/BlueHarvestBP/Content/StarterContent/Materials/M_Concrete_Panels.uasset" 635
"../../../../../../notforyou/Documents/Spring2019/cs330/Project3/BlueHarvestBP/Content/StarterContent/Textures/T_Concrete_Poured_D.uasset" 636
"../../../../../../notforyou/Documents/Spring2019/cs330/Project3/BlueHarvestBP/Content/StarterContent/Textures/T_Concrete_Poured_N.uasset" 637
"../../../../../../notforyou/Documents/Spring2019/cs330/Project3/BlueHarvestBP/Content/StarterContent/Materials/M_Concrete_Poured.uasset" 638
"../../../../../../notforyou/Documents/Spring2019/cs330/Project3/BlueHarvestBP/Content/StarterContent/Textures/T_Concrete_Tiles_D.uasset" 639
"../../../../../../notforyou/Documents/Spring2019/cs330/Project3/BlueHarvestBP/Content/StarterContent/Textures/T_Concrete_Tiles_M.uasset" 640
"../../../../../../notforyou/Documents/Spring2019/cs330/Project3/BlueHarvestBP/Content/StarterContent/Textures/T_Concrete_Tiles_N.uasset" 641
"../../../../../../notforyou/Documents/Spring2019/cs330/Project3/BlueHarvestBP/Content/StarterContent/Textures/T_Concrete_Tiles_Variation_M.uasset" 642
"../../../../../../notforyou/Documents/Spring2019/cs330/Project3/BlueHarvestBP/Content/StarterContent/Materials/M_Concrete_Tiles.uasset" 643
"../../../../../../notforyou/Documents/Spring2019/cs330/Project3/BlueHarvestBP/Content/StarterContent/Textures/T_Ground_Grass_D.uasset" 644
"../../../../../../notforyou/Documents/Spring2019/cs330/Project3/BlueHarvestBP/Content/StarterContent/Textures/T_Ground_Grass_N.uasset" 645
"../../../../../../notforyou/Documents/Spring2019/cs330/Project3/BlueHarvestBP/Content/StarterContent/Materials/M_Ground_Grass.uasset" 646
"../../../../../../notforyou/Documents/Spring2019/cs330/Project3/BlueHarvestBP/Content/StarterContent/Textures/T_Ground_Gravel_D.uasset" 647
"../../../../../../notforyou/Documents/Spring2019/cs330/Project3/BlueHarvestBP/Content/StarterContent/Textures/T_Ground_Gravel_N.uasset" 648
"../../../../../../notforyou/Documents/Spring2019/cs330/Project3/BlueHarvestBP/Content/StarterContent/Materials/M_Ground_Gravel.uasset" 649
"../../../../../../notforyou/Documents/Spring2019/cs330/Project3/BlueHarvestBP/Content/StarterContent/Textures/T_ground_Moss_D.uasset" 650
"../../../../../../notforyou/Documents/Spring2019/cs330/Project3/BlueHarvestBP/Content/StarterContent/Textures/T_Ground_Moss_N.uasset" 651
"../../../../../../notforyou/Documents/Spring2019/cs330/Project3/BlueHarvestBP/Content/StarterContent/Materials/M_Ground_Moss.uasset" 652
"../../../../../../notforyou/Documents/Spring2019/cs330/Project3/BlueHarvestBP/Content/StarterContent/Materials/M_Metal_Brushed_Nickel.uasset" 653
"../../../../../../notforyou/Documents/Spring2019/cs330/Project3/BlueHarvestBP/Content/StarterContent/Textures/T_Metal_Aluminum_D.uasset" 654
"../../../../../../notforyou/Documents/Spring2019/cs330/Project3/BlueHarvestBP/Content/StarterContent/Textures/T_Metal_Gold_N.uasset" 655
"../../../../../../notforyou/Documents/Spring2019/cs330/Project3/BlueHarvestBP/Content/StarterContent/Materials/M_Metal_Burnished_Steel.uasset" 656
"../../../../../../notforyou/Documents/Spring2019/cs330/Project3/BlueHarvestBP/Content/StarterContent/Materials/M_Metal_Chrome.uasset" 657
"../../../../../../notforyou/Documents/Spring2019/cs330/Project3/BlueHarvestBP/Content/StarterContent/Textures/T_Metal_Copper_D.uasset" 658
"../../../../../../notforyou/Documents/Spring2019/cs330/Project3/BlueHarvestBP/Content/StarterContent/Materials/M_Metal_Copper.uasset" 659
"../../../../../../notforyou/Documents/Spring2019/cs330/Project3/BlueHarvestBP/Content/StarterContent/Textures/T_Metal_Gold_D.uasset" 660
"../../../../../../notforyou/Documents/Spring2019/cs330/Project3/BlueHarvestBP/Content/StarterContent/Materials/M_Metal_Gold.uasset" 661
"../../../../../../notforyou/Documents/Spring2019/cs330/Project3/BlueHarvestBP/Content/StarterContent/Textures/T_Metal_Rust_D.uasset" 662
"../../../../../../notforyou/Documents/Spring2019/cs330/Project3/BlueHarvestBP/Content/StarterContent/Materials/M_Metal_Rust.uasset" 663
"../../../../../../notforyou/Documents/Spring2019/cs330/Project3/BlueHarvestBP/Content/StarterContent/Textures/T_Metal_Steel_D.uasset" 664
"../../../../../../notforyou/Documents/Spring2019/cs330/Project3/BlueHarvestBP/Content/StarterContent/Textures/T_Metal_Steel_N.uasset" 665
"../../../../../../notforyou/Documents/Spring2019/cs330/Project3/BlueHarvestBP/Content/StarterContent/Materials/M_Metal_Steel.uasset" 666
"../../../../../../notforyou/Documents/Spring2019/cs330/Project3/BlueHarvestBP/Content/StarterContent/Materials/M_Rock_Marble_Polished.uasset" 667
"../../../../../../notforyou/Documents/Spring2019/cs330/Project3/BlueHarvestBP/Content/StarterContent/Textures/T_Rock_Sandstone_D.uasset" 668
"../../../../../../notforyou/Documents/Spring2019/cs330/Project3/BlueHarvestBP/Content/StarterContent/Textures/T_Rock_Sandstone_N.uasset" 669
"../../../../../../notforyou/Documents/Spring2019/cs330/Project3/BlueHarvestBP/Content/StarterContent/Materials/M_Rock_Sandstone.uasset" 670
"../../../../../../notforyou/Documents/Spring2019/cs330/Project3/BlueHarvestBP/Content/StarterContent/Textures/T_Rock_Slate_D.uasset" 671
"../../../../../../notforyou/Documents/Spring2019/cs330/Project3/BlueHarvestBP/Content/StarterContent/Textures/T_Rock_Slate_N.uasset" 672
"../../../../../../notforyou/Documents/Spring2019/cs330/Project3/BlueHarvestBP/Content/StarterContent/Materials/M_Rock_Slate.uasset" 673
"../../../../../../notforyou/Documents/Spring2019/cs330/Project3/BlueHarvestBP/Content/StarterContent/Textures/T_Checker_Noise_M.uasset" 674
"../../../../../../notforyou/Documents/Spring2019/cs330/Project3/BlueHarvestBP/Content/StarterContent/Textures/T_Single_Tile_N.uasset" 675
"../../../../../../notforyou/Documents/Spring2019/cs330/Project3/BlueHarvestBP/Content/StarterContent/Textures/T_Tech_Dot_M.uasset" 676
"../../../../../../notforyou/Documents/Spring2019/cs330/Project3/BlueHarvestBP/Content/StarterContent/Textures/T_Tech_Dot_N.uasset" 677
"../../../../../../notforyou/Documents/Spring2019/cs330/Project3/BlueHarvestBP/Content/StarterContent/Materials/M_Tech_Checker_Dot.uasset" 678
"../../../../../../notforyou/Documents/Spring2019/cs330/Project3/BlueHarvestBP/Content/StarterContent/Textures/T_Tech_Hex_Tile_M.uasset" 679
"../../../../../../notforyou/Documents/Spring2019/cs330/Project3/BlueHarvestBP/Content/StarterContent/Textures/T_Tech_Hex_Tile_N.uasset" 680
"../../../../../../notforyou/Documents/Spring2019/cs330/Project3/BlueHarvestBP/Content/StarterContent/Materials/M_Tech_Hex_Tile.uasset" 681
"../../../../../../notforyou/Documents/Spring2019/cs330/Project3/BlueHarvestBP/Content/StarterContent/Materials/M_Tech_Hex_Tile_Pulse.uasset" 682
"../../../../../../notforyou/Documents/Spring2019/cs330/Project3/BlueHarvestBP/Content/StarterContent/Textures/T_Tech_Panel_M.uasset" 683
"../../../../../../notforyou/Documents/Spring2019/cs330/Project3/BlueHarvestBP/Content/StarterContent/Textures/T_Tech_Panel_N.uasset" 684
"../../../../../../notforyou/Documents/Spring2019/cs330/Project3/BlueHarvestBP/Content/StarterContent/Materials/M_Tech_Panel.uasset" 685
"../../../../../../notforyou/Documents/Spring2019/cs330/Project3/BlueHarvestBP/Content/StarterContent/Materials/M_Water_Lake.uasset" 686
"../../../../../../notforyou/Documents/Spring2019/cs330/Project3/BlueHarvestBP/Content/StarterContent/Textures/T_Water_M.uasset" 687
"../../../../../../notforyou/Documents/Spring2019/cs330/Project3/BlueHarvestBP/Content/StarterContent/Materials/M_Water_Ocean.uasset" 688
"../../../../../../notforyou/Documents/Spring2019/cs330/Project3/BlueHarvestBP/Content/StarterContent/Textures/T_Wood_Floor_Walnut_D.uasset" 689
"../../../../../../notforyou/Documents/Spring2019/cs330/Project3/BlueHarvestBP/Content/StarterContent/Textures/T_Wood_Floor_Walnut_M.uasset" 690
"../../../../../../notforyou/Documents/Spring2019/cs330/Project3/BlueHarvestBP/Content/StarterContent/Textures/T_Wood_Floor_Walnut_N.uasset" 691
"../../../../../../notforyou/Documents/Spring2019/cs330/Project3/BlueHarvestBP/Content/StarterContent/Materials/M_Wood_Floor_Walnut_Polished.uasset" 692
"../../../Engine/Content/Functions/Engine_MaterialFunctions01/Opacity/AlphaOffset.uasset" 693
"../../../../../../notforyou/Documents/Spring2019/cs330/Project3/BlueHarvestBP/Content/StarterContent/Materials/M_Wood_Floor_Walnut_Worn.uasset" 694
"../../../../../../notforyou/Documents/Spring2019/cs330/Project3/BlueHarvestBP/Content/StarterContent/Textures/T_Wood_Oak_D.uasset" 695
"../../../../../../notforyou/Documents/Spring2019/cs330/Project3/BlueHarvestBP/Content/StarterContent/Textures/T_Wood_Oak_N.uasset" 696
"../../../../../../notforyou/Documents/Spring2019/cs330/Project3/BlueHarvestBP/Content/StarterContent/Materials/M_Wood_Oak.uasset" 697
"../../../../../../notforyou/Documents/Spring2019/cs330/Project3/BlueHarvestBP/Content/StarterContent/Textures/T_Wood_Pine_D.uasset" 698
"../../../../../../notforyou/Documents/Spring2019/cs330/Project3/BlueHarvestBP/Content/StarterContent/Textures/T_Wood_Pine_N.uasset" 699
"../../../../../../notforyou/Documents/Spring2019/cs330/Project3/BlueHarvestBP/Content/StarterContent/Materials/M_Wood_Pine.uasset" 700
"../../../../../../notforyou/Documents/Spring2019/cs330/Project3/BlueHarvestBP/Content/StarterContent/Textures/T_Wood_Walnut_D.uasset" 701
"../../../../../../notforyou/Documents/Spring2019/cs330/Project3/BlueHarvestBP/Content/StarterContent/Textures/T_Wood_Walnut_N.uasset" 702
"../../../../../../notforyou/Documents/Spring2019/cs330/Project3/BlueHarvestBP/Content/StarterContent/Materials/M_Wood_Walnut.uasset" 703
"../../../../../../notforyou/Documents/Spring2019/cs330/Project3/BlueHarvestBP/Content/StarterContent/Architecture/Floor_400x400.uasset" 704
"../../../../../../notforyou/Documents/Spring2019/cs330/Project3/BlueHarvestBP/Content/StarterContent/Architecture/Wall_400x200.uasset" 705
"../../../../../../notforyou/Documents/Spring2019/cs330/Project3/BlueHarvestBP/Content/StarterContent/Architecture/Wall_Door_400x300.uasset" 706
"../../../../../../notforyou/Documents/Spring2019/cs330/Project3/BlueHarvestBP/Content/StarterContent/Architecture/Wall_Window_400x300.uasset" 707
"../../../../../../notforyou/Documents/Spring2019/cs330/Project3/BlueHarvestBP/Content/StarterContent/Audio/Collapse_Cue.uasset" 708
"../../../../../../notforyou/Documents/Spring2019/cs330/Project3/BlueHarvestBP/Content/StarterContent/Audio/Starter_Background_Cue.uasset" 709
"../../../../../../notforyou/Documents/Spring2019/cs330/Project3/BlueHarvestBP/Content/StarterContent/Audio/Starter_Music_Cue.uasset" 710
"../../../../../../notforyou/Documents/Spring2019/cs330/Project3/BlueHarvestBP/Content/StarterContent/Textures/T_Dust_Particle_D.uasset" 711
"../../../../../../notforyou/Documents/Spring2019/cs330/Project3/BlueHarvestBP/Content/StarterContent/Particles/Materials/M_Dust_Particle.uasset" 712
"../../../../../../notforyou/Documents/Spring2019/cs330/Project3/BlueHarvestBP/Content/StarterContent/Particles/P_Ambient_Dust.uasset" 713
"../../../../../../notforyou/Documents/Spring2019/cs330/Project3/BlueHarvestBP/Content/StarterContent/Props/MaterialSphere.uasset" 714
"../../../../../../notforyou/Documents/Spring2019/cs330/Project3/BlueHarvestBP/Content/StarterContent/Props/SM_Chair.uasset" 715
"../../../../../../notforyou/Documents/Spring2019/cs330/Project3/BlueHarvestBP/Content/StarterContent/Textures/T_Frame_M.uasset" 716
"../../../../../../notforyou/Documents/Spring2019/cs330/Project3/BlueHarvestBP/Content/StarterContent/Textures/T_Frame_N.uasset" 717
"../../../../../../notforyou/Documents/Spring2019/cs330/Project3/BlueHarvestBP/Content/StarterContent/Props/Materials/M_Frame.uasset" 718
"../../../../../../notforyou/Documents/Spring2019/cs330/Project3/BlueHarvestBP/Content/StarterContent/Props/SM_CornerFrame.uasset" 719
"../../../../../../notforyou/Documents/Spring2019/cs330/Project3/BlueHarvestBP/Content/StarterContent/Props/SM_DoorFrame.uasset" 720
"../../../../../../notforyou/Documents/Spring2019/cs330/Project3/BlueHarvestBP/Content/StarterContent/Props/SM_GlassWindow.uasset" 721
"../../../../../../notforyou/Documents/Spring2019/cs330/Project3/BlueHarvestBP/Content/StarterContent/Props/SM_PillarFrame.uasset" 722
"../../../../../../notforyou/Documents/Spring2019/cs330/Project3/BlueHarvestBP/Content/StarterContent/Props/SM_PillarFrame300.uasset" 723
"../../../../../../notforyou/Documents/Spring2019/cs330/Project3/BlueHarvestBP/Content/StarterContent/Textures/T_Statue_M.uasset" 724
"../../../../../../notforyou/Documents/Spring2019/cs330/Project3/BlueHarvestBP/Content/StarterContent/Textures/T_Statue_N.uasset" 725
"../../../../../../notforyou/Documents/Spring2019/cs330/Project3/BlueHarvestBP/Content/StarterContent/Props/Materials/M_Statue.uasset" 726
"../../../../../../notforyou/Documents/Spring2019/cs330/Project3/BlueHarvestBP/Content/StarterContent/Props/Materials/M_StatueGlass.uasset" 727
"../../../../../../notforyou/Documents/Spring2019/cs330/Project3/BlueHarvestBP/Content/StarterContent/Props/SM_Statue.uasset" 728
"../../../../../../notforyou/Documents/Spring2019/cs330/Project3/BlueHarvestBP/Content/StarterContent/Textures/T_TableRound_M.uasset" 729
"../../../../../../notforyou/Documents/Spring2019/cs330/Project3/BlueHarvestBP/Content/StarterContent/Textures/T_TableRound_N.uasset" 730
"../../../../../../notforyou/Documents/Spring2019/cs330/Project3/BlueHarvestBP/Content/StarterContent/Props/Materials/M_TableRound.uasset" 731
"../../../../../../notforyou/Documents/Spring2019/cs330/Project3/BlueHarvestBP/Content/StarterContent/Props/SM_TableRound.uasset" 732
"../../../../../../notforyou/Documents/Spring2019/cs330/Project3/BlueHarvestBP/Content/StarterContent/Props/SM_WindowFrame.uasset" 733
"../../../../../../notforyou/Documents/Spring2019/cs330/Project3/BlueHarvestBP/Content/StarterContent/Shapes/Shape_QuadPyramid.uasset" 734
"../../../../../../notforyou/Documents/Spring2019/cs330/Project3/BlueHarvestBP/Content/StarterContent/Maps/StarterMap.umap" 735
"../../../../../../notforyou/Documents/Spring2019/cs330/Project3/BlueHarvestBP/Content/StarterContent/Maps/Minimal_Default_BuiltData.uasset" 736
"../../../../../../notforyou/Documents/Spring2019/cs330/Project3/BlueHarvestBP/Content/StarterContent/Maps/Minimal_Default.umap" 737
"../../../../../../notforyou/Documents/Spring2019/cs330/Project3/BlueHarvestBP/Content/StarterContent/EssentialTreeKit/DemoLevel/Demo_TreekitLevel.umap" 738
"../../../Engine/Content/Maps/Entry_BuiltData.uasset" 739
"../../../Engine/Content/Maps/Entry.umap" 740
